<?xml version="1.0" encoding="UTF-8"?>
<testsuite name="ar.com.grupoesfera.repartir.controllers.GruposControllerIntegrationTest" tests="3" skipped="0" failures="0" errors="0" timestamp="2026-03-22T14:53:58" hostname="juancho-System-Product-Name" time="0.901">
  <properties/>
  <testcase name="listarCuandoNoExistenGrupos()" classname="ar.com.grupoesfera.repartir.controllers.GruposControllerIntegrationTest" time="0.562"/>
  <testcase name="listarCuandoExistenDosGrupos()" classname="ar.com.grupoesfera.repartir.controllers.GruposControllerIntegrationTest" time="0.306"/>
  <testcase name="listarCuandoExistenUnUnicoGrupo()" classname="ar.com.grupoesfera.repartir.controllers.GruposControllerIntegrationTest" time="0.031"/>
  <system-out><![CDATA[2026-03-22 11:53:57.771 [Test worker] INFO - SpringBootTestContextBootstrapper : Neither @ContextConfiguration nor @ContextHierarchy found for test class [ar.com.grupoesfera.repartir.controllers.GruposControllerIntegrationTest], using SpringBootContextLoader
2026-03-22 11:53:57.772 [Test worker] INFO - AbstractContextLoader : Could not detect default resource locations for test class [ar.com.grupoesfera.repartir.controllers.GruposControllerIntegrationTest]: no resource found for suffixes {-context.xml, Context.groovy}.
2026-03-22 11:53:57.772 [Test worker] INFO - AnnotationConfigContextLoaderUtils : Could not detect default configuration classes for test class [ar.com.grupoesfera.repartir.controllers.GruposControllerIntegrationTest]: GruposControllerIntegrationTest does not declare any static, non-private, non-final, nested classes annotated with @Configuration.
2026-03-22 11:53:57.775 [Test worker] INFO - SpringBootTestContextBootstrapper : Found @SpringBootConfiguration ar.com.grupoesfera.repartir.RepartirApplication for test class ar.com.grupoesfera.repartir.controllers.GruposControllerIntegrationTest
2026-03-22 11:53:57.776 [Test worker] INFO - SpringBootTestContextBootstrapper : Loaded default TestExecutionListener class names from location [META-INF/spring.factories]: [org.springframework.boot.test.autoconfigure.restdocs.RestDocsTestExecutionListener, org.springframework.boot.test.autoconfigure.web.client.MockRestServiceServerResetTestExecutionListener, org.springframework.boot.test.autoconfigure.web.servlet.MockMvcPrintOnlyOnFailureTestExecutionListener, org.springframework.boot.test.autoconfigure.web.servlet.WebDriverTestExecutionListener, org.springframework.boot.test.autoconfigure.webservices.client.MockWebServiceServerTestExecutionListener, org.springframework.boot.test.mock.mockito.MockitoTestExecutionListener, org.springframework.boot.test.mock.mockito.ResetMocksTestExecutionListener, org.springframework.test.context.web.ServletTestExecutionListener, org.springframework.test.context.support.DirtiesContextBeforeModesTestExecutionListener, org.springframework.test.context.event.ApplicationEventsTestExecutionListener, org.springframework.test.context.support.DependencyInjectionTestExecutionListener, org.springframework.test.context.support.DirtiesContextTestExecutionListener, org.springframework.test.context.transaction.TransactionalTestExecutionListener, org.springframework.test.context.jdbc.SqlScriptsTestExecutionListener, org.springframework.test.context.event.EventPublishingTestExecutionListener]
2026-03-22 11:53:57.776 [Test worker] INFO - SpringBootTestContextBootstrapper : Using TestExecutionListeners: [org.springframework.test.context.web.ServletTestExecutionListener@5125558b, org.springframework.test.context.support.DirtiesContextBeforeModesTestExecutionListener@8c940e2, org.springframework.test.context.event.ApplicationEventsTestExecutionListener@6092d41, org.springframework.boot.test.mock.mockito.MockitoTestExecutionListener@a263df9, org.springframework.boot.test.autoconfigure.SpringBootDependencyInjectionTestExecutionListener@71d4b83b, org.springframework.test.context.support.DirtiesContextTestExecutionListener@33d828b3, org.springframework.test.context.transaction.TransactionalTestExecutionListener@7c7478ac, org.springframework.test.context.jdbc.SqlScriptsTestExecutionListener@47864b2e, org.springframework.test.context.event.EventPublishingTestExecutionListener@13473685, org.springframework.boot.test.autoconfigure.restdocs.RestDocsTestExecutionListener@61a809ee, org.springframework.boot.test.autoconfigure.web.client.MockRestServiceServerResetTestExecutionListener@3ec6bc6f, org.springframework.boot.test.autoconfigure.web.servlet.MockMvcPrintOnlyOnFailureTestExecutionListener@4b6c5fa2, org.springframework.boot.test.autoconfigure.web.servlet.WebDriverTestExecutionListener@6135bb54, org.springframework.boot.test.autoconfigure.webservices.client.MockWebServiceServerTestExecutionListener@407339e5, org.springframework.boot.test.mock.mockito.ResetMocksTestExecutionListener@4b5dd040]
______                      _   _              ____
| ___ \                    | | (_)            / / /
| |_/ /___ _ __   __ _ _ __| |_ _ _ __       / / /
|    // _ \ '_ \ / _` | '__| __| | '__|     < < <
| |\ \  __/ |_) | (_| | |  | |_| | |         \ \ \
\_| \_\___| .__/ \__,_|_|   \__|_|_|          \_\_\
          | |
          |_|
2026-03-22 11:53:57.822 [Test worker] INFO - GruposControllerIntegrationTest : Starting GruposControllerIntegrationTest using Java 17.0.18 on juancho-System-Product-Name with PID 110746 (started by root in /home/juancho/Escritorio/Tp1-BDD-main)
2026-03-22 11:53:57.822 [Test worker] INFO - GruposControllerIntegrationTest : The following profiles are active: integrationTest
2026-03-22 11:53:57.911 [Test worker] INFO - GenericScope : BeanFactory id=9d667d49-6b69-3033-a9a3-f410d3ff249d
2026-03-22 11:53:57.968 [Test worker] INFO - TomcatWebServer : Tomcat initialized with port(s): 0 (http)
2026-03-22 11:53:57.969 [Test worker] INFO - Http11NioProtocol : Initializing ProtocolHandler ["http-nio-auto-2"]
2026-03-22 11:53:57.969 [Test worker] INFO - StandardService : Starting service [Tomcat]
2026-03-22 11:53:57.969 [Test worker] INFO - StandardEngine : Starting Servlet engine: [Apache Tomcat/9.0.48]
2026-03-22 11:53:57.986 [Test worker] INFO - [/] : Initializing Spring embedded WebApplicationContext
2026-03-22 11:53:57.986 [Test worker] INFO - ServletWebServerApplicationContext : Root WebApplicationContext: initialization completed in 163 ms
2026-03-22 11:53:58.119 [Test worker] INFO - WelcomePageHandlerMapping : Adding welcome page: class path resource [public/index.html]
2026-03-22 11:53:58.366 [Test worker] INFO - Http11NioProtocol : Starting ProtocolHandler ["http-nio-auto-2"]
2026-03-22 11:53:58.368 [Test worker] INFO - TomcatWebServer : Tomcat started on port(s): 42173 (http) with context path ''
2026-03-22 11:53:58.375 [Test worker] INFO - GruposControllerIntegrationTest : Started GruposControllerIntegrationTest in 0.597 seconds (JVM running for 28.818)
2026-03-22 11:53:58.864 [http-nio-auto-2-exec-1] INFO - [/] : Initializing Spring DispatcherServlet 'dispatcherServlet'
2026-03-22 11:53:58.864 [http-nio-auto-2-exec-1] INFO - DispatcherServlet : Initializing Servlet 'dispatcherServlet'
2026-03-22 11:53:58.865 [http-nio-auto-2-exec-1] INFO - DispatcherServlet : Completed initialization in 1 ms
]]></system-out>
  <system-err><![CDATA[]]></system-err>
</testsuite>
