<?xml version="1.0" encoding="UTF-8"?>
<testsuite name="ar.com.grupoesfera.repartir.repositories.GruposRepositoryTest" tests="4" skipped="0" failures="0" errors="0" timestamp="2026-03-22T14:53:59" hostname="juancho-System-Product-Name" time="4.117">
  <properties/>
  <testcase name="persistirCuentaCompartida()" classname="ar.com.grupoesfera.repartir.repositories.GruposRepositoryTest" time="0.656"/>
  <testcase name="recuperarTodosLosGruposExistentes()" classname="ar.com.grupoesfera.repartir.repositories.GruposRepositoryTest" time="1.79"/>
  <testcase name="actualizarElTotal()" classname="ar.com.grupoesfera.repartir.repositories.GruposRepositoryTest" time="0.804"/>
  <testcase name="alCambiaElTotalDeUnaCuentaCompartidaExistenteYGuardarlaElTotalSeActualiza()" classname="ar.com.grupoesfera.repartir.repositories.GruposRepositoryTest" time="0.867"/>
  <system-out><![CDATA[2026-03-22 11:53:59.889 [Test worker] INFO - SpringBootTestContextBootstrapper : Neither @ContextConfiguration nor @ContextHierarchy found for test class [ar.com.grupoesfera.repartir.repositories.GruposRepositoryTest], using SpringBootContextLoader
2026-03-22 11:53:59.889 [Test worker] INFO - AbstractContextLoader : Could not detect default resource locations for test class [ar.com.grupoesfera.repartir.repositories.GruposRepositoryTest]: no resource found for suffixes {-context.xml, Context.groovy}.
2026-03-22 11:53:59.889 [Test worker] INFO - AnnotationConfigContextLoaderUtils : Could not detect default configuration classes for test class [ar.com.grupoesfera.repartir.repositories.GruposRepositoryTest]: GruposRepositoryTest does not declare any static, non-private, non-final, nested classes annotated with @Configuration.
2026-03-22 11:53:59.891 [Test worker] INFO - SpringBootTestContextBootstrapper : Found @SpringBootConfiguration ar.com.grupoesfera.repartir.RepartirApplication for test class ar.com.grupoesfera.repartir.repositories.GruposRepositoryTest
2026-03-22 11:53:59.892 [Test worker] INFO - SpringBootTestContextBootstrapper : Loaded default TestExecutionListener class names from location [META-INF/spring.factories]: [org.springframework.boot.test.autoconfigure.restdocs.RestDocsTestExecutionListener, org.springframework.boot.test.autoconfigure.web.client.MockRestServiceServerResetTestExecutionListener, org.springframework.boot.test.autoconfigure.web.servlet.MockMvcPrintOnlyOnFailureTestExecutionListener, org.springframework.boot.test.autoconfigure.web.servlet.WebDriverTestExecutionListener, org.springframework.boot.test.autoconfigure.webservices.client.MockWebServiceServerTestExecutionListener, org.springframework.boot.test.mock.mockito.MockitoTestExecutionListener, org.springframework.boot.test.mock.mockito.ResetMocksTestExecutionListener, org.springframework.test.context.web.ServletTestExecutionListener, org.springframework.test.context.support.DirtiesContextBeforeModesTestExecutionListener, org.springframework.test.context.event.ApplicationEventsTestExecutionListener, org.springframework.test.context.support.DependencyInjectionTestExecutionListener, org.springframework.test.context.support.DirtiesContextTestExecutionListener, org.springframework.test.context.transaction.TransactionalTestExecutionListener, org.springframework.test.context.jdbc.SqlScriptsTestExecutionListener, org.springframework.test.context.event.EventPublishingTestExecutionListener]
2026-03-22 11:53:59.892 [Test worker] INFO - SpringBootTestContextBootstrapper : Using TestExecutionListeners: [org.springframework.test.context.web.ServletTestExecutionListener@edda257, org.springframework.test.context.support.DirtiesContextBeforeModesTestExecutionListener@7dbcbc7b, org.springframework.test.context.event.ApplicationEventsTestExecutionListener@642ef710, org.springframework.boot.test.mock.mockito.MockitoTestExecutionListener@526ee5e6, org.springframework.boot.test.autoconfigure.SpringBootDependencyInjectionTestExecutionListener@31423ae6, org.springframework.test.context.support.DirtiesContextTestExecutionListener@298517d1, org.springframework.test.context.transaction.TransactionalTestExecutionListener@3a00f386, org.springframework.test.context.jdbc.SqlScriptsTestExecutionListener@1f6460f5, org.springframework.test.context.event.EventPublishingTestExecutionListener@3f51fcf5, org.springframework.boot.test.autoconfigure.restdocs.RestDocsTestExecutionListener@3e6b4f51, org.springframework.boot.test.autoconfigure.web.client.MockRestServiceServerResetTestExecutionListener@3ca07d9, org.springframework.boot.test.autoconfigure.web.servlet.MockMvcPrintOnlyOnFailureTestExecutionListener@3f95bc9d, org.springframework.boot.test.autoconfigure.web.servlet.WebDriverTestExecutionListener@f1349ce, org.springframework.boot.test.autoconfigure.webservices.client.MockWebServiceServerTestExecutionListener@6be68eba, org.springframework.boot.test.mock.mockito.ResetMocksTestExecutionListener@38c1b8d0]
2026-03-22 11:53:59.918 [Test worker] INFO - VersionPrinter : Flyway Community Edition 7.11.3 by Redgate
2026-03-22 11:53:59.918 [Test worker] INFO - BaseDatabaseType : Database: jdbc:mariadb://localhost:32777/test (MariaDB 10.5)
2026-03-22 11:53:59.936 [Test worker] INFO - DbClean : Successfully dropped pre-schema database level objects (execution time 00:00.000s)
2026-03-22 11:53:59.940 [Test worker] INFO - DbClean : Successfully cleaned schema `test` (execution time 00:00.003s)
2026-03-22 11:53:59.941 [Test worker] INFO - DbClean : Successfully dropped post-schema database level objects (execution time 00:00.000s)
2026-03-22 11:53:59.943 [Test worker] INFO - VersionPrinter : Flyway Community Edition 7.11.3 by Redgate
2026-03-22 11:53:59.953 [Test worker] INFO - DbValidate : Successfully validated 1 migration (execution time 00:00.006s)
2026-03-22 11:53:59.957 [Test worker] INFO - JdbcTableSchemaHistory : Creating Schema History table `test`.`flyway_schema_history` ...
2026-03-22 11:54:00.187 [Test worker] INFO - DbMigrate : Current version of schema `test`: << Empty Schema >>
2026-03-22 11:54:00.190 [Test worker] INFO - DbMigrate : Migrating schema `test` to version "1.0 - Crear tablas para los grupos"
2026-03-22 11:54:00.460 [Test worker] INFO - DbMigrate : Successfully applied 1 migration to schema `test`, now at version v1.0 (execution time 00:00.276s)
2026-03-22 11:54:00.552 [Test worker] INFO - VersionPrinter : Flyway Community Edition 7.11.3 by Redgate
2026-03-22 11:54:00.552 [Test worker] INFO - BaseDatabaseType : Database: jdbc:mariadb://localhost:32777/test (MariaDB 10.5)
2026-03-22 11:54:00.556 [Test worker] INFO - DbClean : Successfully dropped pre-schema database level objects (execution time 00:00.000s)
2026-03-22 11:54:00.724 [Test worker] INFO - DbClean : Successfully cleaned schema `test` (execution time 00:00.167s)
2026-03-22 11:54:00.725 [Test worker] INFO - DbClean : Successfully dropped post-schema database level objects (execution time 00:00.000s)
2026-03-22 11:54:00.726 [Test worker] INFO - VersionPrinter : Flyway Community Edition 7.11.3 by Redgate
2026-03-22 11:54:00.729 [Test worker] INFO - DbValidate : Successfully validated 1 migration (execution time 00:00.000s)
2026-03-22 11:54:00.732 [Test worker] INFO - JdbcTableSchemaHistory : Creating Schema History table `test`.`flyway_schema_history` ...
2026-03-22 11:54:01.009 [Test worker] INFO - DbMigrate : Current version of schema `test`: << Empty Schema >>
2026-03-22 11:54:01.011 [Test worker] INFO - DbMigrate : Migrating schema `test` to version "1.0 - Crear tablas para los grupos"
2026-03-22 11:54:01.353 [Test worker] INFO - DbMigrate : Successfully applied 1 migration to schema `test`, now at version v1.0 (execution time 00:00.344s)
2026-03-22 11:54:01.354 [Test worker] INFO - VersionPrinter : Flyway Community Edition 7.11.3 by Redgate
2026-03-22 11:54:01.354 [Test worker] INFO - BaseDatabaseType : Database: jdbc:mariadb://localhost:32777/test (MariaDB 10.5)
2026-03-22 11:54:01.358 [Test worker] INFO - DbClean : Successfully dropped pre-schema database level objects (execution time 00:00.000s)
2026-03-22 11:54:01.542 [Test worker] INFO - DbClean : Successfully cleaned schema `test` (execution time 00:00.182s)
2026-03-22 11:54:01.542 [Test worker] INFO - DbClean : Successfully dropped post-schema database level objects (execution time 00:00.000s)
2026-03-22 11:54:01.543 [Test worker] INFO - VersionPrinter : Flyway Community Edition 7.11.3 by Redgate
2026-03-22 11:54:01.546 [Test worker] INFO - DbValidate : Successfully validated 1 migration (execution time 00:00.000s)
2026-03-22 11:54:01.549 [Test worker] INFO - JdbcTableSchemaHistory : Creating Schema History table `test`.`flyway_schema_history` ...
2026-03-22 11:54:01.877 [Test worker] INFO - DbMigrate : Current version of schema `test`: << Empty Schema >>
2026-03-22 11:54:01.879 [Test worker] INFO - DbMigrate : Migrating schema `test` to version "1.0 - Crear tablas para los grupos"
2026-03-22 11:54:02.184 [Test worker] INFO - DbMigrate : Successfully applied 1 migration to schema `test`, now at version v1.0 (execution time 00:00.308s)
2026-03-22 11:54:02.341 [Test worker] INFO - VersionPrinter : Flyway Community Edition 7.11.3 by Redgate
2026-03-22 11:54:02.342 [Test worker] INFO - BaseDatabaseType : Database: jdbc:mariadb://localhost:32777/test (MariaDB 10.5)
2026-03-22 11:54:02.346 [Test worker] INFO - DbClean : Successfully dropped pre-schema database level objects (execution time 00:00.000s)
2026-03-22 11:54:02.509 [Test worker] INFO - DbClean : Successfully cleaned schema `test` (execution time 00:00.162s)
2026-03-22 11:54:02.509 [Test worker] INFO - DbClean : Successfully dropped post-schema database level objects (execution time 00:00.000s)
2026-03-22 11:54:02.510 [Test worker] INFO - VersionPrinter : Flyway Community Edition 7.11.3 by Redgate
2026-03-22 11:54:02.513 [Test worker] INFO - DbValidate : Successfully validated 1 migration (execution time 00:00.000s)
2026-03-22 11:54:02.516 [Test worker] INFO - JdbcTableSchemaHistory : Creating Schema History table `test`.`flyway_schema_history` ...
2026-03-22 11:54:02.777 [Test worker] INFO - DbMigrate : Current version of schema `test`: << Empty Schema >>
2026-03-22 11:54:02.779 [Test worker] INFO - DbMigrate : Migrating schema `test` to version "1.0 - Crear tablas para los grupos"
2026-03-22 11:54:03.060 [Test worker] INFO - DbMigrate : Successfully applied 1 migration to schema `test`, now at version v1.0 (execution time 00:00.283s)
2026-03-22 11:54:03.146 [Test worker] INFO - VersionPrinter : Flyway Community Edition 7.11.3 by Redgate
2026-03-22 11:54:03.146 [Test worker] INFO - BaseDatabaseType : Database: jdbc:mariadb://localhost:32777/test (MariaDB 10.5)
2026-03-22 11:54:03.149 [Test worker] INFO - DbClean : Successfully dropped pre-schema database level objects (execution time 00:00.000s)
2026-03-22 11:54:03.326 [Test worker] INFO - DbClean : Successfully cleaned schema `test` (execution time 00:00.176s)
2026-03-22 11:54:03.326 [Test worker] INFO - DbClean : Successfully dropped post-schema database level objects (execution time 00:00.000s)
2026-03-22 11:54:03.327 [Test worker] INFO - VersionPrinter : Flyway Community Edition 7.11.3 by Redgate
2026-03-22 11:54:03.331 [Test worker] INFO - DbValidate : Successfully validated 1 migration (execution time 00:00.001s)
2026-03-22 11:54:03.334 [Test worker] INFO - JdbcTableSchemaHistory : Creating Schema History table `test`.`flyway_schema_history` ...
2026-03-22 11:54:03.602 [Test worker] INFO - DbMigrate : Current version of schema `test`: << Empty Schema >>
2026-03-22 11:54:03.603 [Test worker] INFO - DbMigrate : Migrating schema `test` to version "1.0 - Crear tablas para los grupos"
2026-03-22 11:54:03.955 [Test worker] INFO - DbMigrate : Successfully applied 1 migration to schema `test`, now at version v1.0 (execution time 00:00.353s)
]]></system-out>
  <system-err><![CDATA[]]></system-err>
</testsuite>
