<?xml version="1.0" encoding="UTF-8"?>
<testsuite name="ar.com.grupoesfera.repartir.controllers.UsuariosControllerIntegrationTest" tests="1" skipped="0" failures="0" errors="0" timestamp="2026-03-22T14:53:59" hostname="juancho-System-Product-Name" time="0.02">
  <properties/>
  <testcase name="obtenerUsuarioExistente()" classname="ar.com.grupoesfera.repartir.controllers.UsuariosControllerIntegrationTest" time="0.02"/>
  <system-out><![CDATA[2026-03-22 11:53:59.280 [Test worker] INFO - SpringBootTestContextBootstrapper : Neither @ContextConfiguration nor @ContextHierarchy found for test class [ar.com.grupoesfera.repartir.controllers.UsuariosControllerIntegrationTest], using SpringBootContextLoader
2026-03-22 11:53:59.280 [Test worker] INFO - AbstractContextLoader : Could not detect default resource locations for test class [ar.com.grupoesfera.repartir.controllers.UsuariosControllerIntegrationTest]: no resource found for suffixes {-context.xml, Context.groovy}.
2026-03-22 11:53:59.280 [Test worker] INFO - AnnotationConfigContextLoaderUtils : Could not detect default configuration classes for test class [ar.com.grupoesfera.repartir.controllers.UsuariosControllerIntegrationTest]: UsuariosControllerIntegrationTest does not declare any static, non-private, non-final, nested classes annotated with @Configuration.
2026-03-22 11:53:59.281 [Test worker] INFO - SpringBootTestContextBootstrapper : Found @SpringBootConfiguration ar.com.grupoesfera.repartir.RepartirApplication for test class ar.com.grupoesfera.repartir.controllers.UsuariosControllerIntegrationTest
2026-03-22 11:53:59.282 [Test worker] INFO - SpringBootTestContextBootstrapper : Loaded default TestExecutionListener class names from location [META-INF/spring.factories]: [org.springframework.boot.test.autoconfigure.restdocs.RestDocsTestExecutionListener, org.springframework.boot.test.autoconfigure.web.client.MockRestServiceServerResetTestExecutionListener, org.springframework.boot.test.autoconfigure.web.servlet.MockMvcPrintOnlyOnFailureTestExecutionListener, org.springframework.boot.test.autoconfigure.web.servlet.WebDriverTestExecutionListener, org.springframework.boot.test.autoconfigure.webservices.client.MockWebServiceServerTestExecutionListener, org.springframework.boot.test.mock.mockito.MockitoTestExecutionListener, org.springframework.boot.test.mock.mockito.ResetMocksTestExecutionListener, org.springframework.test.context.web.ServletTestExecutionListener, org.springframework.test.context.support.DirtiesContextBeforeModesTestExecutionListener, org.springframework.test.context.event.ApplicationEventsTestExecutionListener, org.springframework.test.context.support.DependencyInjectionTestExecutionListener, org.springframework.test.context.support.DirtiesContextTestExecutionListener, org.springframework.test.context.transaction.TransactionalTestExecutionListener, org.springframework.test.context.jdbc.SqlScriptsTestExecutionListener, org.springframework.test.context.event.EventPublishingTestExecutionListener]
2026-03-22 11:53:59.282 [Test worker] INFO - SpringBootTestContextBootstrapper : Using TestExecutionListeners: [org.springframework.test.context.web.ServletTestExecutionListener@47d9bdf4, org.springframework.test.context.support.DirtiesContextBeforeModesTestExecutionListener@31a266e0, org.springframework.test.context.event.ApplicationEventsTestExecutionListener@7053d6e2, org.springframework.boot.test.mock.mockito.MockitoTestExecutionListener@7226747d, org.springframework.boot.test.autoconfigure.SpringBootDependencyInjectionTestExecutionListener@781a51d0, org.springframework.test.context.support.DirtiesContextTestExecutionListener@5aadad55, org.springframework.test.context.transaction.TransactionalTestExecutionListener@34278424, org.springframework.test.context.jdbc.SqlScriptsTestExecutionListener@75e39b41, org.springframework.test.context.event.EventPublishingTestExecutionListener@5fddd0fc, org.springframework.boot.test.autoconfigure.restdocs.RestDocsTestExecutionListener@682d0957, org.springframework.boot.test.autoconfigure.web.client.MockRestServiceServerResetTestExecutionListener@6023b6d2, org.springframework.boot.test.autoconfigure.web.servlet.MockMvcPrintOnlyOnFailureTestExecutionListener@9730004, org.springframework.boot.test.autoconfigure.web.servlet.WebDriverTestExecutionListener@38187be6, org.springframework.boot.test.autoconfigure.webservices.client.MockWebServiceServerTestExecutionListener@38ffba03, org.springframework.boot.test.mock.mockito.ResetMocksTestExecutionListener@45970ee8]
______                      _   _              ____
| ___ \                    | | (_)            / / /
| |_/ /___ _ __   __ _ _ __| |_ _ _ __       / / /
|    // _ \ '_ \ / _` | '__| __| | '__|     < < <
| |\ \  __/ |_) | (_| | |  | |_| | |         \ \ \
\_| \_\___| .__/ \__,_|_|   \__|_|_|          \_\_\
          | |
          |_|
2026-03-22 11:53:59.318 [Test worker] INFO - UsuariosControllerIntegrationTest : Starting UsuariosControllerIntegrationTest using Java 17.0.18 on juancho-System-Product-Name with PID 110746 (started by root in /home/juancho/Escritorio/Tp1-BDD-main)
2026-03-22 11:53:59.318 [Test worker] INFO - UsuariosControllerIntegrationTest : The following profiles are active: integrationTest
2026-03-22 11:53:59.411 [Test worker] INFO - GenericScope : BeanFactory id=9d667d49-6b69-3033-a9a3-f410d3ff249d
2026-03-22 11:53:59.452 [Test worker] INFO - TomcatWebServer : Tomcat initialized with port(s): 0 (http)
2026-03-22 11:53:59.453 [Test worker] INFO - Http11NioProtocol : Initializing ProtocolHandler ["http-nio-auto-3"]
2026-03-22 11:53:59.453 [Test worker] INFO - StandardService : Starting service [Tomcat]
2026-03-22 11:53:59.453 [Test worker] INFO - StandardEngine : Starting Servlet engine: [Apache Tomcat/9.0.48]
2026-03-22 11:53:59.466 [Test worker] INFO - [/] : Initializing Spring embedded WebApplicationContext
2026-03-22 11:53:59.466 [Test worker] INFO - ServletWebServerApplicationContext : Root WebApplicationContext: initialization completed in 147 ms
2026-03-22 11:53:59.566 [Test worker] INFO - WelcomePageHandlerMapping : Adding welcome page: class path resource [public/index.html]
2026-03-22 11:53:59.856 [Test worker] INFO - Http11NioProtocol : Starting ProtocolHandler ["http-nio-auto-3"]
2026-03-22 11:53:59.857 [Test worker] INFO - TomcatWebServer : Tomcat started on port(s): 36481 (http) with context path ''
2026-03-22 11:53:59.865 [Test worker] INFO - UsuariosControllerIntegrationTest : Started UsuariosControllerIntegrationTest in 0.581 seconds (JVM running for 30.308)
2026-03-22 11:53:59.878 [http-nio-auto-3-exec-1] INFO - [/] : Initializing Spring DispatcherServlet 'dispatcherServlet'
2026-03-22 11:53:59.878 [http-nio-auto-3-exec-1] INFO - DispatcherServlet : Initializing Servlet 'dispatcherServlet'
2026-03-22 11:53:59.878 [http-nio-auto-3-exec-1] INFO - DispatcherServlet : Completed initialization in 0 ms
]]></system-out>
  <system-err><![CDATA[]]></system-err>
</testsuite>
