<?xml version="1.0" encoding="UTF-8"?>
<testsuite name="ar.com.grupoesfera.repartir.services.UsuariosServiceTest" tests="1" skipped="0" failures="0" errors="0" timestamp="2026-03-22T14:52:43" hostname="juancho-System-Product-Name" time="0.017">
  <properties/>
  <testcase name="recuperarUsuarioExistenteDelServicioDePersonas()" classname="ar.com.grupoesfera.repartir.services.UsuariosServiceTest" time="0.017"/>
  <system-out><![CDATA[]]></system-out>
  <system-err><![CDATA[]]></system-err>
</testsuite>
