<?xml version="1.0" encoding="UTF-8"?>
<testsuite name="ar.com.grupoesfera.repartir.model.UsuarioTest" tests="3" skipped="0" failures="0" errors="0" timestamp="2026-03-22T14:52:42" hostname="juancho-System-Product-Name" time="0.003">
  <properties/>
  <testcase name="crearSinParametros()" classname="ar.com.grupoesfera.repartir.model.UsuarioTest" time="0.001"/>
  <testcase name="tieneUnCorreoQueSeObtieneDelServicioDePersonas()" classname="ar.com.grupoesfera.repartir.model.UsuarioTest" time="0.001"/>
  <testcase name="tieneUnIdQueLoAsociaConOtrosSistemasExternos()" classname="ar.com.grupoesfera.repartir.model.UsuarioTest" time="0.001"/>
  <system-out><![CDATA[]]></system-out>
  <system-err><![CDATA[]]></system-err>
</testsuite>
