<?xml version="1.0" encoding="UTF-8"?>
<testsuite name="ar.com.grupoesfera.repartir.services.MontosServiceTest" tests="2" skipped="0" failures="0" errors="0" timestamp="2026-03-22T14:52:43" hostname="juancho-System-Product-Name" time="0.001">
  <properties/>
  <testcase name="acumularMontoDelGastoAlTotalDelGrupo()" classname="ar.com.grupoesfera.repartir.services.MontosServiceTest" time="0.0"/>
  <testcase name="inicializarTotalDelGrupo()" classname="ar.com.grupoesfera.repartir.services.MontosServiceTest" time="0.0"/>
  <system-out><![CDATA[]]></system-out>
  <system-err><![CDATA[]]></system-err>
</testsuite>
