<?xml version="1.0" encoding="UTF-8"?>
<testsuite name="ar.com.grupoesfera.repartir.ui.ListarGrupos" tests="1" skipped="0" failures="0" errors="0" timestamp="2026-03-22T14:55:05" hostname="juancho-System-Product-Name" time="4.398">
  <properties/>
  <testcase name="cuandoSoloExisteUno()" classname="ar.com.grupoesfera.repartir.ui.ListarGrupos" time="4.398"/>
  <system-out><![CDATA[2026-03-22 11:55:03.610 [Test worker] INFO - SpringBootTestContextBootstrapper : Neither @ContextConfiguration nor @ContextHierarchy found for test class [ar.com.grupoesfera.repartir.ui.ListarGrupos], using SpringBootContextLoader
2026-03-22 11:55:03.611 [Test worker] INFO - AbstractContextLoader : Could not detect default resource locations for test class [ar.com.grupoesfera.repartir.ui.ListarGrupos]: no resource found for suffixes {-context.xml, Context.groovy}.
2026-03-22 11:55:03.611 [Test worker] INFO - AnnotationConfigContextLoaderUtils : Could not detect default configuration classes for test class [ar.com.grupoesfera.repartir.ui.ListarGrupos]: ListarGrupos does not declare any static, non-private, non-final, nested classes annotated with @Configuration.
2026-03-22 11:55:03.612 [Test worker] INFO - SpringBootTestContextBootstrapper : Found @SpringBootConfiguration ar.com.grupoesfera.repartir.RepartirApplication for test class ar.com.grupoesfera.repartir.ui.ListarGrupos
2026-03-22 11:55:03.613 [Test worker] INFO - SpringBootTestContextBootstrapper : Loaded default TestExecutionListener class names from location [META-INF/spring.factories]: [org.springframework.boot.test.autoconfigure.restdocs.RestDocsTestExecutionListener, org.springframework.boot.test.autoconfigure.web.client.MockRestServiceServerResetTestExecutionListener, org.springframework.boot.test.autoconfigure.web.servlet.MockMvcPrintOnlyOnFailureTestExecutionListener, org.springframework.boot.test.autoconfigure.web.servlet.WebDriverTestExecutionListener, org.springframework.boot.test.autoconfigure.webservices.client.MockWebServiceServerTestExecutionListener, org.springframework.boot.test.mock.mockito.MockitoTestExecutionListener, org.springframework.boot.test.mock.mockito.ResetMocksTestExecutionListener, org.springframework.test.context.web.ServletTestExecutionListener, org.springframework.test.context.support.DirtiesContextBeforeModesTestExecutionListener, org.springframework.test.context.event.ApplicationEventsTestExecutionListener, org.springframework.test.context.support.DependencyInjectionTestExecutionListener, org.springframework.test.context.support.DirtiesContextTestExecutionListener, org.springframework.test.context.transaction.TransactionalTestExecutionListener, org.springframework.test.context.jdbc.SqlScriptsTestExecutionListener, org.springframework.test.context.event.EventPublishingTestExecutionListener]
2026-03-22 11:55:03.613 [Test worker] INFO - SpringBootTestContextBootstrapper : Using TestExecutionListeners: [org.springframework.test.context.web.ServletTestExecutionListener@3b171fbd, org.springframework.test.context.support.DirtiesContextBeforeModesTestExecutionListener@1ece052b, org.springframework.test.context.event.ApplicationEventsTestExecutionListener@20dc763b, org.springframework.boot.test.mock.mockito.MockitoTestExecutionListener@4c81e7c2, org.springframework.boot.test.autoconfigure.SpringBootDependencyInjectionTestExecutionListener@4fe8e318, org.springframework.test.context.support.DirtiesContextTestExecutionListener@21e15093, org.springframework.test.context.transaction.TransactionalTestExecutionListener@62cf873a, org.springframework.test.context.jdbc.SqlScriptsTestExecutionListener@21b3d356, org.springframework.test.context.event.EventPublishingTestExecutionListener@294b045b, org.springframework.boot.test.autoconfigure.restdocs.RestDocsTestExecutionListener@285ac29, org.springframework.boot.test.autoconfigure.web.client.MockRestServiceServerResetTestExecutionListener@1ced1d14, org.springframework.boot.test.autoconfigure.web.servlet.MockMvcPrintOnlyOnFailureTestExecutionListener@237b54bc, org.springframework.boot.test.autoconfigure.web.servlet.WebDriverTestExecutionListener@5263f554, org.springframework.boot.test.autoconfigure.webservices.client.MockWebServiceServerTestExecutionListener@7d28efd5, org.springframework.boot.test.mock.mockito.ResetMocksTestExecutionListener@95958d9]
2026-03-22 11:55:05.925 [Forwarding newSession on session null to remote] INFO - ProtocolHandshake : Detected dialect: W3C
]]></system-out>
  <system-err><![CDATA[1774191303618	geckodriver	INFO	Listening on 127.0.0.1:3242
1774191303646	mozrunner::runner	INFO	Running command: MOZ_CRASHREPORTER="1" MOZ_CRASHREPORTER_NO_REPORT="1" MOZ_CRASHREPORTER_SHUTDOWN="1" "/usr/bin/firefox" "--marionette" "--headless" "-no-remote" "-profile" "/tmp/rust_mozprofileqv2BqN"
*** You are running in headless mode.
console.warn: services.settings: Ignoring preference override of remote settings server
console.warn: services.settings: Allow by setting MOZ_REMOTE_SETTINGS_DEVTOOLS=1 in the environment
1774191303929	Marionette	INFO	Marionette enabled
1774191304454	Marionette	INFO	Listening on port 35319
Read port: 35319
1774191304596	RemoteAgent	WARN	TLS certificate errors will be ignored for this session
console.error: (new TypeError("can't access property \"find\", this._searchProviderInfo is null", "moz-src:///browser/components/search/SearchSERPTelemetry.sys.mjs", 1141))
1774191308003	Marionette	INFO	Stopped listening on port 35319
console.error: "Error in processing browser-idle-startup for QuickSuggest.init"
console.error: (void 0)
console.error: (void 0)
JavaScript error: , line 0: uncaught exception: undefined
console.error: Translations: "Failed to run language detection." (new AbortError("Actor 'Translations' destroyed before query 'Translations:GetDocumentElementLang' was resolved", (void 0)))

###!!! [Parent][DispatchAsyncMessage] Error: PBackgroundIDBFactory::Msg_PBackgroundIDBFactoryRequestConstructor Value error: message was deserialized, but contained an illegal value


###!!! [Parent][DispatchAsyncMessage] Error: PBackgroundIDBFactory::Msg_PBackgroundIDBFactoryRequestConstructor Value error: message was deserialized, but contained an illegal value

console.error: services.settings: 
  Message: UnknownError: IndexedDB: main/moz-essential-domain-fallbacks getLastModified() IndexedDB:   The operation failed for reasons unrelated to the database itself and not covered by any other error code.
console.error: services.settings: 
  Message: UnknownError: IndexedDB: main/remote-permissions getLastModified() IndexedDB:   The operation failed for reasons unrelated to the database itself and not covered by any other error code.
console.error: services.settings: 
  Message: UnknownError: IndexedDB: main/url-parser-default-unknown-schemes-interventions getLastModified() IndexedDB:   The operation failed for reasons unrelated to the database itself and not covered by any other error code.
console.error: services.settings: 
  Message: UnknownError: IndexedDB: main/anti-tracking-url-decoration getLastModified() IndexedDB:   The operation failed for reasons unrelated to the database itself and not covered by any other error code.
console.error: services.settings: 
  Message: UnknownError: IndexedDB: main/query-stripping getLastModified() IndexedDB:   The operation failed for reasons unrelated to the database itself and not covered by any other error code.
console.error: services.settings: 
  Message: UnknownError: IndexedDB: main/fingerprinting-protection-overrides getLastModified() IndexedDB:   The operation failed for reasons unrelated to the database itself and not covered by any other error code.
console.error: services.settings: 
  Message: UnknownError: IndexedDB: main/hijack-blocklists getLastModified() IndexedDB:   The operation failed for reasons unrelated to the database itself and not covered by any other error code.
console.error: services.settings: 
  Message: UnknownError: IndexedDB: main/third-party-cookie-blocking-exempt-urls getLastModified() IndexedDB:   The operation failed for reasons unrelated to the database itself and not covered by any other error code.
console.error: services.settings: 
  Message: UnknownError: IndexedDB: main/addons-manager-settings getLastModified() IndexedDB:   The operation failed for reasons unrelated to the database itself and not covered by any other error code.
console.error: services.settings: 
  Message: UnknownError: IndexedDB: main/search-telemetry-v2 getLastModified() IndexedDB:   The operation failed for reasons unrelated to the database itself and not covered by any other error code.
console.error: services.settings: 
  Message: UnknownError: IndexedDB: main/addons-data-leak-blocker-domains getLastModified() IndexedDB:   The operation failed for reasons unrelated to the database itself and not covered by any other error code.
console.error: services.settings: 
  Message: UnknownError: IndexedDB: main/search-config-v2 getLastModified() IndexedDB:   The operation failed for reasons unrelated to the database itself and not covered by any other error code.
console.error: services.settings: 
  Message: UnknownError: IndexedDB: main/search-config-overrides-v2 getLastModified() IndexedDB:   The operation failed for reasons unrelated to the database itself and not covered by any other error code.
console.error: services.settings: 
  Message: UnknownError: IndexedDB: main/tracking-protection-lists getLastModified() IndexedDB:   The operation failed for reasons unrelated to the database itself and not covered by any other error code.
console.error: services.settings: 
  Message: UnknownError: IndexedDB: main/urlbar-persisted-search-terms getLastModified() IndexedDB:   The operation failed for reasons unrelated to the database itself and not covered by any other error code.
console.error: services.settings: 
  Message: UnknownError: IndexedDB: blocklists/gfx getLastModified() IndexedDB:   The operation failed for reasons unrelated to the database itself and not covered by any other error code.
console.error: services.settings: 
  Message: UnknownError: IndexedDB: main/search-categorization getLastModified() IndexedDB:   The operation failed for reasons unrelated to the database itself and not covered by any other error code.
console.error: services.settings: 
  Message: UnknownError: IndexedDB: main/url-classifier-exceptions getLastModified() IndexedDB:   The operation failed for reasons unrelated to the database itself and not covered by any other error code.
console.error: "Error in processing browser-before-ui-startup for Normandy.init"
console.error: (new UnknownError("The operation failed for reasons unrelated to the database itself and not covered by any other error code.", (void 0)))
console.error: PushService: "clearOriginData: Error clearing origin data:" "UnknownError"
console.error: PushService: "stateChangeProcessEnqueue: Error transitioning state" "UnknownError"
console.log: WebExtensions: Data Leak Blocker initialization cancelled on detected extension or app shutdown
console.error: WebExtensions: 
  Message: [Exception... "#init: abandoning init due to shutting down"  nsresult: "0x80004004 (NS_ERROR_ABORT)"  location: "JS frame :: resource://gre/modules/SearchService.sys.mjs :: #init :: line 1710"  data: no]
  Stack:
    #init@resource://gre/modules/SearchService.sys.mjs:1710:27

console.error: "Search service failed to init"
JavaScript error: , line 0: uncaught exception: undefined
JavaScript error: resource://gre/modules/SearchService.sys.mjs, line 1710: NS_ERROR_ABORT: #init: abandoning init due to shutting down
JavaScript error: resource://gre/modules/SearchService.sys.mjs, line 1710: NS_ERROR_ABORT: #init: abandoning init due to shutting down
]]></system-err>
</testsuite>
