<?xml version="1.0" encoding="UTF-8"?>
<testsuite name="ar.com.grupoesfera.repartir.ui.Bienvenida" tests="3" skipped="0" failures="0" errors="0" timestamp="2026-03-22T14:54:32" hostname="juancho-System-Product-Name" time="17.899">
  <properties/>
  <testcase name="seMuestraAlInicio()" classname="ar.com.grupoesfera.repartir.ui.Bienvenida" time="4.254"/>
  <testcase name="noSePuedeAgregarGruposAntesDeIniciar()" classname="ar.com.grupoesfera.repartir.ui.Bienvenida" time="4.276"/>
  <testcase name="sePuedeAgregarGruposLuegoDePresionarIniciar()" classname="ar.com.grupoesfera.repartir.ui.Bienvenida" time="4.686"/>
  <system-out><![CDATA[11:54:25.475 [Test worker] DEBUG org.springframework.test.context.BootstrapUtils - Instantiating CacheAwareContextLoaderDelegate from class [org.springframework.test.context.cache.DefaultCacheAwareContextLoaderDelegate]
11:54:25.483 [Test worker] DEBUG org.springframework.test.context.BootstrapUtils - Instantiating BootstrapContext using constructor [public org.springframework.test.context.support.DefaultBootstrapContext(java.lang.Class,org.springframework.test.context.CacheAwareContextLoaderDelegate)]
11:54:25.504 [Test worker] DEBUG org.springframework.test.context.BootstrapUtils - Instantiating TestContextBootstrapper for test class [ar.com.grupoesfera.repartir.ui.Bienvenida] from class [org.springframework.boot.test.context.SpringBootTestContextBootstrapper]
11:54:25.511 [Test worker] INFO org.springframework.boot.test.context.SpringBootTestContextBootstrapper - Neither @ContextConfiguration nor @ContextHierarchy found for test class [ar.com.grupoesfera.repartir.ui.Bienvenida], using SpringBootContextLoader
11:54:25.513 [Test worker] DEBUG org.springframework.test.context.support.AbstractContextLoader - Did not detect default resource location for test class [ar.com.grupoesfera.repartir.ui.Bienvenida]: class path resource [ar/com/grupoesfera/repartir/ui/Bienvenida-context.xml] does not exist
11:54:25.513 [Test worker] DEBUG org.springframework.test.context.support.AbstractContextLoader - Did not detect default resource location for test class [ar.com.grupoesfera.repartir.ui.Bienvenida]: class path resource [ar/com/grupoesfera/repartir/ui/BienvenidaContext.groovy] does not exist
11:54:25.513 [Test worker] INFO org.springframework.test.context.support.AbstractContextLoader - Could not detect default resource locations for test class [ar.com.grupoesfera.repartir.ui.Bienvenida]: no resource found for suffixes {-context.xml, Context.groovy}.
11:54:25.513 [Test worker] INFO org.springframework.test.context.support.AnnotationConfigContextLoaderUtils - Could not detect default configuration classes for test class [ar.com.grupoesfera.repartir.ui.Bienvenida]: Bienvenida does not declare any static, non-private, non-final, nested classes annotated with @Configuration.
11:54:25.580 [Test worker] DEBUG org.springframework.context.annotation.ClassPathScanningCandidateComponentProvider - Identified candidate component class: file [/home/juancho/Escritorio/Tp1-BDD-main/build/classes/java/main/ar/com/grupoesfera/repartir/RepartirApplication.class]
11:54:25.581 [Test worker] INFO org.springframework.boot.test.context.SpringBootTestContextBootstrapper - Found @SpringBootConfiguration ar.com.grupoesfera.repartir.RepartirApplication for test class ar.com.grupoesfera.repartir.ui.Bienvenida
11:54:25.630 [Test worker] DEBUG org.springframework.boot.test.context.SpringBootTestContextBootstrapper - @TestExecutionListeners is not present for class [ar.com.grupoesfera.repartir.ui.Bienvenida]: using defaults.
11:54:25.630 [Test worker] INFO org.springframework.boot.test.context.SpringBootTestContextBootstrapper - Loaded default TestExecutionListener class names from location [META-INF/spring.factories]: [org.springframework.boot.test.autoconfigure.restdocs.RestDocsTestExecutionListener, org.springframework.boot.test.autoconfigure.web.client.MockRestServiceServerResetTestExecutionListener, org.springframework.boot.test.autoconfigure.web.servlet.MockMvcPrintOnlyOnFailureTestExecutionListener, org.springframework.boot.test.autoconfigure.web.servlet.WebDriverTestExecutionListener, org.springframework.boot.test.autoconfigure.webservices.client.MockWebServiceServerTestExecutionListener, org.springframework.boot.test.mock.mockito.MockitoTestExecutionListener, org.springframework.boot.test.mock.mockito.ResetMocksTestExecutionListener, org.springframework.test.context.web.ServletTestExecutionListener, org.springframework.test.context.support.DirtiesContextBeforeModesTestExecutionListener, org.springframework.test.context.event.ApplicationEventsTestExecutionListener, org.springframework.test.context.support.DependencyInjectionTestExecutionListener, org.springframework.test.context.support.DirtiesContextTestExecutionListener, org.springframework.test.context.transaction.TransactionalTestExecutionListener, org.springframework.test.context.jdbc.SqlScriptsTestExecutionListener, org.springframework.test.context.event.EventPublishingTestExecutionListener]
11:54:25.638 [Test worker] INFO org.springframework.boot.test.context.SpringBootTestContextBootstrapper - Using TestExecutionListeners: [org.springframework.test.context.web.ServletTestExecutionListener@64df9a61, org.springframework.test.context.support.DirtiesContextBeforeModesTestExecutionListener@77602954, org.springframework.test.context.event.ApplicationEventsTestExecutionListener@e260766, org.springframework.boot.test.mock.mockito.MockitoTestExecutionListener@2c3dec30, org.springframework.boot.test.autoconfigure.SpringBootDependencyInjectionTestExecutionListener@34a97744, org.springframework.test.context.support.DirtiesContextTestExecutionListener@4275c20c, org.springframework.test.context.transaction.TransactionalTestExecutionListener@7c56e013, org.springframework.test.context.jdbc.SqlScriptsTestExecutionListener@3fc9dfc5, org.springframework.test.context.event.EventPublishingTestExecutionListener@40258c2f, org.springframework.boot.test.autoconfigure.restdocs.RestDocsTestExecutionListener@2cac4385, org.springframework.boot.test.autoconfigure.web.client.MockRestServiceServerResetTestExecutionListener@6731787b, org.springframework.boot.test.autoconfigure.web.servlet.MockMvcPrintOnlyOnFailureTestExecutionListener@16f7b4af, org.springframework.boot.test.autoconfigure.web.servlet.WebDriverTestExecutionListener@7adf16aa, org.springframework.boot.test.autoconfigure.webservices.client.MockWebServiceServerTestExecutionListener@34a1d21f, org.springframework.boot.test.mock.mockito.ResetMocksTestExecutionListener@58bf8650]
11:54:25.640 [Test worker] DEBUG org.springframework.test.context.support.AbstractDirtiesContextTestExecutionListener - Before test class: context [DefaultTestContext@1ce61929 testClass = Bienvenida, testInstance = [null], testMethod = [null], testException = [null], mergedContextConfiguration = [WebMergedContextConfiguration@346939bf testClass = Bienvenida, locations = '{}', classes = '{class ar.com.grupoesfera.repartir.RepartirApplication}', contextInitializerClasses = '[]', activeProfiles = '{uiTest}', propertySourceLocations = '{}', propertySourceProperties = '{org.springframework.boot.test.context.SpringBootTestContextBootstrapper=true, server.port=0}', contextCustomizers = set[org.springframework.boot.test.autoconfigure.actuate.metrics.MetricsExportContextCustomizerFactory$DisableMetricExportContextCustomizer@4b40f651, org.springframework.boot.test.autoconfigure.properties.PropertyMappingContextCustomizer@0, org.springframework.boot.test.autoconfigure.web.servlet.WebDriverContextCustomizerFactory$Customizer@336f1079, org.springframework.boot.test.context.filter.ExcludeFilterContextCustomizer@4b79ac84, org.springframework.boot.test.json.DuplicateJsonObjectContextCustomizerFactory$DuplicateJsonObjectContextCustomizer@21fd5faa, org.springframework.boot.test.mock.mockito.MockitoContextCustomizer@6eefe5f6, org.springframework.boot.test.web.client.TestRestTemplateContextCustomizer@34f22f9d, org.springframework.boot.test.context.SpringBootTestArgs@1, org.springframework.boot.test.context.SpringBootTestWebEnvironment@d6e7bab], resourceBasePath = 'src/main/webapp', contextLoader = 'org.springframework.boot.test.context.SpringBootContextLoader', parent = [null]], attributes = map['org.springframework.test.context.web.ServletTestExecutionListener.activateListener' -> false]], class annotated with @DirtiesContext [false] with mode [null].
11:54:25.662 [Test worker] DEBUG org.springframework.core.env.StandardEnvironment - Activating profiles [uiTest]
11:54:25.664 [Test worker] DEBUG org.springframework.test.context.support.TestPropertySourceUtils - Adding inlined properties to environment: {spring.jmx.enabled=false, org.springframework.boot.test.context.SpringBootTestContextBootstrapper=true, server.port=0}
______                      _   _              ____
| ___ \                    | | (_)            / / /
| |_/ /___ _ __   __ _ _ __| |_ _ _ __       / / /
|    // _ \ '_ \ / _` | '__| __| | '__|     < < <
| |\ \  __/ |_) | (_| | |  | |_| | |         \ \ \
\_| \_\___| .__/ \__,_|_|   \__|_|_|          \_\_\
          | |
          |_|
2026-03-22 11:54:25.894 [Test worker] INFO - Bienvenida : Starting Bienvenida using Java 17.0.18 on juancho-System-Product-Name with PID 112844 (started by juancho in /home/juancho/Escritorio/Tp1-BDD-main)
2026-03-22 11:54:25.895 [Test worker] INFO - Bienvenida : The following profiles are active: uiTest
2026-03-22 11:54:26.393 [Test worker] INFO - GenericScope : BeanFactory id=44a2a0fa-431c-3e95-bf98-073583165077
2026-03-22 11:54:26.856 [Test worker] INFO - TomcatWebServer : Tomcat initialized with port(s): 0 (http)
2026-03-22 11:54:26.862 [Test worker] INFO - Http11NioProtocol : Initializing ProtocolHandler ["http-nio-auto-1"]
2026-03-22 11:54:26.863 [Test worker] INFO - StandardService : Starting service [Tomcat]
2026-03-22 11:54:26.863 [Test worker] INFO - StandardEngine : Starting Servlet engine: [Apache Tomcat/9.0.48]
2026-03-22 11:54:26.951 [Test worker] INFO - [/] : Initializing Spring embedded WebApplicationContext
2026-03-22 11:54:26.952 [Test worker] INFO - ServletWebServerApplicationContext : Root WebApplicationContext: initialization completed in 1046 ms
2026-03-22 11:54:27.512 [Test worker] INFO - WebDriverManager : Using geckodriver 0.36.0 (resolved driver for Firefox 148)
2026-03-22 11:54:27.526 [Test worker] INFO - WebDriverManager : Reading https://raw.githubusercontent.com/bonigarcia/webdrivermanager/master/docs/mirror/geckodriver to seek geckodriver
2026-03-22 11:54:27.712 [Test worker] INFO - Downloader : Downloading https://github.com/mozilla/geckodriver/releases/download/v0.36.0/geckodriver-v0.36.0-linux64.tar.gz
2026-03-22 11:54:28.195 [Test worker] INFO - Downloader : Extracting driver from compressed file geckodriver-v0.36.0-linux64.tar.gz
2026-03-22 11:54:28.253 [Test worker] INFO - WebDriverManager : Exporting webdriver.gecko.driver as /home/juancho/.cache/selenium/geckodriver/linux64/0.36.0/geckodriver
2026-03-22 11:54:28.597 [Test worker] INFO - WelcomePageHandlerMapping : Adding welcome page: class path resource [public/index.html]
2026-03-22 11:54:29.577 [Test worker] INFO - Http11NioProtocol : Starting ProtocolHandler ["http-nio-auto-1"]
2026-03-22 11:54:29.584 [Test worker] INFO - TomcatWebServer : Tomcat started on port(s): 41329 (http) with context path ''
2026-03-22 11:54:29.598 [Test worker] INFO - Bienvenida : Started Bienvenida in 3.932 seconds (JVM running for 4.602)
2026-03-22 11:54:32.131 [Forwarding newSession on session null to remote] INFO - ProtocolHandshake : Detected dialect: W3C
2026-03-22 11:54:32.200 [http-nio-auto-1-exec-1] INFO - [/] : Initializing Spring DispatcherServlet 'dispatcherServlet'
2026-03-22 11:54:32.200 [http-nio-auto-1-exec-1] INFO - DispatcherServlet : Initializing Servlet 'dispatcherServlet'
2026-03-22 11:54:32.201 [http-nio-auto-1-exec-1] INFO - DispatcherServlet : Completed initialization in 1 ms
2026-03-22 11:54:38.849 [Forwarding newSession on session null to remote] INFO - ProtocolHandshake : Detected dialect: W3C
2026-03-22 11:54:45.358 [Forwarding newSession on session null to remote] INFO - ProtocolHandshake : Detected dialect: W3C
]]></system-out>
  <system-err><![CDATA[1774191269648	geckodriver	INFO	Listening on 127.0.0.1:6303
1774191269757	mozrunner::runner	INFO	Running command: MOZ_CRASHREPORTER="1" MOZ_CRASHREPORTER_NO_REPORT="1" MOZ_CRASHREPORTER_SHUTDOWN="1" "/usr/bin/firefox" "--marionette" "--headless" "-no-remote" "-profile" "/tmp/rust_mozprofileBqjyQ4"
*** You are running in headless mode.
console.warn: services.settings: Ignoring preference override of remote settings server
console.warn: services.settings: Allow by setting MOZ_REMOTE_SETTINGS_DEVTOOLS=1 in the environment
1774191270168	Marionette	INFO	Marionette enabled
1774191270646	Marionette	INFO	Listening on port 36379
Read port: 36379
1774191270719	RemoteAgent	WARN	TLS certificate errors will be ignored for this session
console.error: (new TypeError("can't access property \"find\", this._searchProviderInfo is null", "moz-src:///browser/components/search/SearchSERPTelemetry.sys.mjs", 1141))
1774191274269	Marionette	INFO	Stopped listening on port 36379
console.error: "Error in processing browser-idle-startup for QuickSuggest.init"
console.error: (void 0)
console.error: (void 0)
JavaScript error: , line 0: uncaught exception: undefined
console.error: Translations: "Failed to run language detection." (new AbortError("Actor 'Translations' destroyed before query 'Translations:GetDocumentElementLang' was resolved", (void 0)))
console.error: services.settings: 
  Message: RemoteSettingsWorkerError: Remote Settings has shut down.
  Stack:
    RemoteSettingsWorkerError@resource://services-settings/RemoteSettingsWorker.sys.mjs:34:5
_execute@resource://services-settings/RemoteSettingsWorker.sys.mjs:55:13
importJSONDump@resource://services-settings/RemoteSettingsWorker.sys.mjs:166:17
_importJSONDump@resource://services-settings/RemoteSettingsClient.sys.mjs:1045:52
get/this._importingPromise<@resource://services-settings/RemoteSettingsClient.sys.mjs:480:28
get@resource://services-settings/RemoteSettingsClient.sys.mjs:513:13
observe@resource://gre/modules/AsyncShutdown.sys.mjs:570:17

console.error: services.settings: 
  Message: RemoteSettingsWorkerError: Remote Settings has shut down.
  Stack:
    RemoteSettingsWorkerError@resource://services-settings/RemoteSettingsWorker.sys.mjs:34:5
_execute@resource://services-settings/RemoteSettingsWorker.sys.mjs:55:13
importJSONDump@resource://services-settings/RemoteSettingsWorker.sys.mjs:166:17
_importJSONDump@resource://services-settings/RemoteSettingsClient.sys.mjs:1045:52
get/this._importingPromise<@resource://services-settings/RemoteSettingsClient.sys.mjs:480:28
get@resource://services-settings/RemoteSettingsClient.sys.mjs:513:13
observe@resource://gre/modules/AsyncShutdown.sys.mjs:570:17

console.error: services.settings: 
  Message: RemoteSettingsWorkerError: Remote Settings has shut down.
  Stack:
    RemoteSettingsWorkerError@resource://services-settings/RemoteSettingsWorker.sys.mjs:34:5
_execute@resource://services-settings/RemoteSettingsWorker.sys.mjs:55:13
importJSONDump@resource://services-settings/RemoteSettingsWorker.sys.mjs:166:17
_importJSONDump@resource://services-settings/RemoteSettingsClient.sys.mjs:1045:52
get/this._importingPromise<@resource://services-settings/RemoteSettingsClient.sys.mjs:480:28
get@resource://services-settings/RemoteSettingsClient.sys.mjs:513:13
observe@resource://gre/modules/AsyncShutdown.sys.mjs:570:17

console.error: services.settings: 
  Message: RemoteSettingsWorkerError: Remote Settings has shut down.
  Stack:
    RemoteSettingsWorkerError@resource://services-settings/RemoteSettingsWorker.sys.mjs:34:5
_execute@resource://services-settings/RemoteSettingsWorker.sys.mjs:55:13
importJSONDump@resource://services-settings/RemoteSettingsWorker.sys.mjs:166:17
_importJSONDump@resource://services-settings/RemoteSettingsClient.sys.mjs:1045:52
get/this._importingPromise<@resource://services-settings/RemoteSettingsClient.sys.mjs:480:28
get@resource://services-settings/RemoteSettingsClient.sys.mjs:513:13
observe@resource://gre/modules/AsyncShutdown.sys.mjs:570:17

console.error: services.settings: 
  Message: RemoteSettingsWorkerError: Remote Settings has shut down.
  Stack:
    RemoteSettingsWorkerError@resource://services-settings/RemoteSettingsWorker.sys.mjs:34:5
_execute@resource://services-settings/RemoteSettingsWorker.sys.mjs:55:13
importJSONDump@resource://services-settings/RemoteSettingsWorker.sys.mjs:166:17
_importJSONDump@resource://services-settings/RemoteSettingsClient.sys.mjs:1045:52
get/this._importingPromise<@resource://services-settings/RemoteSettingsClient.sys.mjs:480:28
get@resource://services-settings/RemoteSettingsClient.sys.mjs:513:13
observe@resource://gre/modules/AsyncShutdown.sys.mjs:570:17

console.error: services.settings: 
  Message: RemoteSettingsWorkerError: Remote Settings has shut down.
  Stack:
    RemoteSettingsWorkerError@resource://services-settings/RemoteSettingsWorker.sys.mjs:34:5
_execute@resource://services-settings/RemoteSettingsWorker.sys.mjs:55:13
importJSONDump@resource://services-settings/RemoteSettingsWorker.sys.mjs:166:17
_importJSONDump@resource://services-settings/RemoteSettingsClient.sys.mjs:1045:52
get/this._importingPromise<@resource://services-settings/RemoteSettingsClient.sys.mjs:480:28
get@resource://services-settings/RemoteSettingsClient.sys.mjs:513:13
observe@resource://gre/modules/AsyncShutdown.sys.mjs:570:17

console.error: services.settings: 
  Message: RemoteSettingsWorkerError: Remote Settings has shut down.
  Stack:
    RemoteSettingsWorkerError@resource://services-settings/RemoteSettingsWorker.sys.mjs:34:5
_execute@resource://services-settings/RemoteSettingsWorker.sys.mjs:55:13
importJSONDump@resource://services-settings/RemoteSettingsWorker.sys.mjs:166:17
_importJSONDump@resource://services-settings/RemoteSettingsClient.sys.mjs:1045:52
get/this._importingPromise<@resource://services-settings/RemoteSettingsClient.sys.mjs:480:28
get@resource://services-settings/RemoteSettingsClient.sys.mjs:513:13
observe@resource://gre/modules/AsyncShutdown.sys.mjs:570:17

console.error: services.settings: 
  Message: RemoteSettingsWorkerError: Remote Settings has shut down.
  Stack:
    RemoteSettingsWorkerError@resource://services-settings/RemoteSettingsWorker.sys.mjs:34:5
_execute@resource://services-settings/RemoteSettingsWorker.sys.mjs:55:13
importJSONDump@resource://services-settings/RemoteSettingsWorker.sys.mjs:166:17
_importJSONDump@resource://services-settings/RemoteSettingsClient.sys.mjs:1045:52
get/this._importingPromise<@resource://services-settings/RemoteSettingsClient.sys.mjs:480:28
get@resource://services-settings/RemoteSettingsClient.sys.mjs:513:13
observe@resource://gre/modules/AsyncShutdown.sys.mjs:570:17

console.error: services.settings: 
  Message: RemoteSettingsWorkerError: Remote Settings has shut down.
  Stack:
    RemoteSettingsWorkerError@resource://services-settings/RemoteSettingsWorker.sys.mjs:34:5
_execute@resource://services-settings/RemoteSettingsWorker.sys.mjs:55:13
importJSONDump@resource://services-settings/RemoteSettingsWorker.sys.mjs:166:17
_importJSONDump@resource://services-settings/RemoteSettingsClient.sys.mjs:1045:52
get/this._importingPromise<@resource://services-settings/RemoteSettingsClient.sys.mjs:480:28
get@resource://services-settings/RemoteSettingsClient.sys.mjs:513:13
observe@resource://gre/modules/AsyncShutdown.sys.mjs:570:17

console.error: services.settings: 
  Message: RemoteSettingsWorkerError: Remote Settings has shut down.
  Stack:
    RemoteSettingsWorkerError@resource://services-settings/RemoteSettingsWorker.sys.mjs:34:5
_execute@resource://services-settings/RemoteSettingsWorker.sys.mjs:55:13
importJSONDump@resource://services-settings/RemoteSettingsWorker.sys.mjs:166:17
_importJSONDump@resource://services-settings/RemoteSettingsClient.sys.mjs:1045:52
get/this._importingPromise<@resource://services-settings/RemoteSettingsClient.sys.mjs:480:28
get@resource://services-settings/RemoteSettingsClient.sys.mjs:513:13
observe@resource://gre/modules/AsyncShutdown.sys.mjs:570:17

console.error: services.settings: 
  Message: RemoteSettingsWorkerError: Remote Settings has shut down.
  Stack:
    RemoteSettingsWorkerError@resource://services-settings/RemoteSettingsWorker.sys.mjs:34:5
_execute@resource://services-settings/RemoteSettingsWorker.sys.mjs:55:13
importJSONDump@resource://services-settings/RemoteSettingsWorker.sys.mjs:166:17
_importJSONDump@resource://services-settings/RemoteSettingsClient.sys.mjs:1045:52
get/this._importingPromise<@resource://services-settings/RemoteSettingsClient.sys.mjs:480:28
get@resource://services-settings/RemoteSettingsClient.sys.mjs:513:13
observe@resource://gre/modules/AsyncShutdown.sys.mjs:570:17

console.error: services.settings: 
  Message: RemoteSettingsWorkerError: Remote Settings has shut down.
  Stack:
    RemoteSettingsWorkerError@resource://services-settings/RemoteSettingsWorker.sys.mjs:34:5
_execute@resource://services-settings/RemoteSettingsWorker.sys.mjs:55:13
importJSONDump@resource://services-settings/RemoteSettingsWorker.sys.mjs:166:17
_importJSONDump@resource://services-settings/RemoteSettingsClient.sys.mjs:1045:52
get/this._importingPromise<@resource://services-settings/RemoteSettingsClient.sys.mjs:480:28
get@resource://services-settings/RemoteSettingsClient.sys.mjs:513:13
observe@resource://gre/modules/AsyncShutdown.sys.mjs:570:17

console.error: services.settings: 
  Message: RemoteSettingsWorkerError: Remote Settings has shut down.
  Stack:
    RemoteSettingsWorkerError@resource://services-settings/RemoteSettingsWorker.sys.mjs:34:5
_execute@resource://services-settings/RemoteSettingsWorker.sys.mjs:55:13
importJSONDump@resource://services-settings/RemoteSettingsWorker.sys.mjs:166:17
_importJSONDump@resource://services-settings/RemoteSettingsClient.sys.mjs:1045:52
get/this._importingPromise<@resource://services-settings/RemoteSettingsClient.sys.mjs:480:28
get@resource://services-settings/RemoteSettingsClient.sys.mjs:513:13
observe@resource://gre/modules/AsyncShutdown.sys.mjs:570:17

console.error: services.settings: 
  Message: RemoteSettingsWorkerError: Remote Settings has shut down.
  Stack:
    RemoteSettingsWorkerError@resource://services-settings/RemoteSettingsWorker.sys.mjs:34:5
_execute@resource://services-settings/RemoteSettingsWorker.sys.mjs:55:13
importJSONDump@resource://services-settings/RemoteSettingsWorker.sys.mjs:166:17
_importJSONDump@resource://services-settings/RemoteSettingsClient.sys.mjs:1045:52
get/this._importingPromise<@resource://services-settings/RemoteSettingsClient.sys.mjs:480:28
get@resource://services-settings/RemoteSettingsClient.sys.mjs:513:13
observe@resource://gre/modules/AsyncShutdown.sys.mjs:570:17

console.error: services.settings: 
  Message: RemoteSettingsWorkerError: Remote Settings has shut down.
  Stack:
    RemoteSettingsWorkerError@resource://services-settings/RemoteSettingsWorker.sys.mjs:34:5
_execute@resource://services-settings/RemoteSettingsWorker.sys.mjs:55:13
importJSONDump@resource://services-settings/RemoteSettingsWorker.sys.mjs:166:17
_importJSONDump@resource://services-settings/RemoteSettingsClient.sys.mjs:1045:52
get/this._importingPromise<@resource://services-settings/RemoteSettingsClient.sys.mjs:480:28
get@resource://services-settings/RemoteSettingsClient.sys.mjs:513:13
observe@resource://gre/modules/AsyncShutdown.sys.mjs:570:17

console.log: WebExtensions: Data Leak Blocker initialization cancelled on detected extension or app shutdown
console.error: WebExtensions: 
  Message: [Exception... "#init: abandoning init due to shutting down"  nsresult: "0x80004004 (NS_ERROR_ABORT)"  location: "JS frame :: resource://gre/modules/SearchService.sys.mjs :: #init :: line 1710"  data: no]
  Stack:
    #init@resource://gre/modules/SearchService.sys.mjs:1710:27
observe@resource://gre/modules/AsyncShutdown.sys.mjs:570:17

console.error: "Search service failed to init"
JavaScript error: resource://gre/modules/AsyncShutdown.sys.mjs, line 570: uncaught exception: undefined
JavaScript error: resource://gre/modules/SearchService.sys.mjs, line 1710: NS_ERROR_ABORT: #init: abandoning init due to shutting down
JavaScript error: resource://gre/modules/SearchService.sys.mjs, line 1710: NS_ERROR_ABORT: #init: abandoning init due to shutting down
console.log: "RemoteSettingsWorker error: Error: Can't import when we've started shutting down."
console.error: services.settings: 
  Message: RemoteSettingsWorkerError: Error: Can't import when we've started shutting down.
  Stack:
    RemoteSettingsWorkerError@resource://services-settings/RemoteSettingsWorker.sys.mjs:34:5
_onWorkerMessage@resource://services-settings/RemoteSettingsWorker.sys.mjs:102:14
observe@resource://gre/modules/AsyncShutdown.sys.mjs:570:17

console.error: "Error in processing browser-before-ui-startup for Normandy.init"
console.error: (new UnknownError("The operation failed for reasons unrelated to the database itself and not covered by any other error code.", (void 0)))
console.error: PushService: "clearOriginData: Error clearing origin data:" "UnknownError"
console.error: PushService: "stateChangeProcessEnqueue: Error transitioning state" "UnknownError"

###!!! [Parent][DispatchAsyncMessage] Error: PBackgroundIDBFactory::Msg_PBackgroundIDBFactoryRequestConstructor Value error: message was deserialized, but contained an illegal value


###!!! [Parent][DispatchAsyncMessage] Error: PBackgroundIDBFactory::Msg_PBackgroundIDBFactoryRequestConstructor Value error: message was deserialized, but contained an illegal value

1774191276405	geckodriver	INFO	Listening on 127.0.0.1:8110
1774191276437	mozrunner::runner	INFO	Running command: MOZ_CRASHREPORTER="1" MOZ_CRASHREPORTER_NO_REPORT="1" MOZ_CRASHREPORTER_SHUTDOWN="1" "/usr/bin/firefox" "--marionette" "--headless" "-no-remote" "-profile" "/tmp/rust_mozprofileA7wlNx"
*** You are running in headless mode.
console.warn: services.settings: Ignoring preference override of remote settings server
console.warn: services.settings: Allow by setting MOZ_REMOTE_SETTINGS_DEVTOOLS=1 in the environment
1774191276887	Marionette	INFO	Marionette enabled
1774191277463	Marionette	INFO	Listening on port 45623
Read port: 45623
1774191277593	RemoteAgent	WARN	TLS certificate errors will be ignored for this session
console.error: (new TypeError("can't access property \"find\", this._searchProviderInfo is null", "moz-src:///browser/components/search/SearchSERPTelemetry.sys.mjs", 1141))
1774191280800	Marionette	INFO	Stopped listening on port 45623
console.error: "Error in processing browser-idle-startup for QuickSuggest.init"
console.error: (void 0)
console.error: (void 0)
JavaScript error: , line 0: uncaught exception: undefined
console.error: Translations: "Failed to run language detection." (new AbortError("Actor 'Translations' destroyed before query 'Translations:GetDocumentElementLang' was resolved", (void 0)))

###!!! [Parent][DispatchAsyncMessage] Error: PBackgroundIDBFactory::Msg_PBackgroundIDBFactoryRequestConstructor Value error: message was deserialized, but contained an illegal value


###!!! [Parent][DispatchAsyncMessage] Error: PBackgroundIDBFactory::Msg_PBackgroundIDBFactoryRequestConstructor Value error: message was deserialized, but contained an illegal value

console.error: services.settings: 
  Message: UnknownError: IndexedDB: main/moz-essential-domain-fallbacks getLastModified() IndexedDB:   The operation failed for reasons unrelated to the database itself and not covered by any other error code.
console.error: services.settings: 
  Message: UnknownError: IndexedDB: main/remote-permissions getLastModified() IndexedDB:   The operation failed for reasons unrelated to the database itself and not covered by any other error code.
console.error: services.settings: 
  Message: UnknownError: IndexedDB: main/url-parser-default-unknown-schemes-interventions getLastModified() IndexedDB:   The operation failed for reasons unrelated to the database itself and not covered by any other error code.
console.error: services.settings: 
  Message: UnknownError: IndexedDB: main/anti-tracking-url-decoration getLastModified() IndexedDB:   The operation failed for reasons unrelated to the database itself and not covered by any other error code.
console.error: services.settings: 
  Message: UnknownError: IndexedDB: main/query-stripping getLastModified() IndexedDB:   The operation failed for reasons unrelated to the database itself and not covered by any other error code.
console.error: services.settings: 
  Message: UnknownError: IndexedDB: main/fingerprinting-protection-overrides getLastModified() IndexedDB:   The operation failed for reasons unrelated to the database itself and not covered by any other error code.
console.error: services.settings: 
  Message: UnknownError: IndexedDB: main/hijack-blocklists getLastModified() IndexedDB:   The operation failed for reasons unrelated to the database itself and not covered by any other error code.
console.error: services.settings: 
  Message: UnknownError: IndexedDB: main/third-party-cookie-blocking-exempt-urls getLastModified() IndexedDB:   The operation failed for reasons unrelated to the database itself and not covered by any other error code.
console.error: services.settings: 
  Message: UnknownError: IndexedDB: main/addons-manager-settings getLastModified() IndexedDB:   The operation failed for reasons unrelated to the database itself and not covered by any other error code.
console.error: services.settings: 
  Message: UnknownError: IndexedDB: main/search-telemetry-v2 getLastModified() IndexedDB:   The operation failed for reasons unrelated to the database itself and not covered by any other error code.
console.error: services.settings: 
  Message: UnknownError: IndexedDB: main/addons-data-leak-blocker-domains getLastModified() IndexedDB:   The operation failed for reasons unrelated to the database itself and not covered by any other error code.
console.error: services.settings: 
  Message: UnknownError: IndexedDB: main/search-config-v2 getLastModified() IndexedDB:   The operation failed for reasons unrelated to the database itself and not covered by any other error code.
console.error: services.settings: 
  Message: UnknownError: IndexedDB: main/search-config-overrides-v2 getLastModified() IndexedDB:   The operation failed for reasons unrelated to the database itself and not covered by any other error code.
console.error: services.settings: 
  Message: UnknownError: IndexedDB: main/tracking-protection-lists getLastModified() IndexedDB:   The operation failed for reasons unrelated to the database itself and not covered by any other error code.
console.error: services.settings: 
  Message: UnknownError: IndexedDB: main/urlbar-persisted-search-terms getLastModified() IndexedDB:   The operation failed for reasons unrelated to the database itself and not covered by any other error code.
console.error: services.settings: 
  Message: UnknownError: IndexedDB: blocklists/gfx getLastModified() IndexedDB:   The operation failed for reasons unrelated to the database itself and not covered by any other error code.
console.error: services.settings: 
  Message: UnknownError: IndexedDB: main/search-categorization getLastModified() IndexedDB:   The operation failed for reasons unrelated to the database itself and not covered by any other error code.
console.error: services.settings: 
  Message: UnknownError: IndexedDB: main/url-classifier-exceptions getLastModified() IndexedDB:   The operation failed for reasons unrelated to the database itself and not covered by any other error code.
console.error: "Error in processing browser-before-ui-startup for Normandy.init"
console.error: (new UnknownError("The operation failed for reasons unrelated to the database itself and not covered by any other error code.", (void 0)))
console.error: PushService: "clearOriginData: Error clearing origin data:" "UnknownError"
console.error: PushService: "stateChangeProcessEnqueue: Error transitioning state" "UnknownError"
console.log: WebExtensions: Data Leak Blocker initialization cancelled on detected extension or app shutdown
console.error: WebExtensions: 
  Message: [Exception... "#init: abandoning init due to shutting down"  nsresult: "0x80004004 (NS_ERROR_ABORT)"  location: "JS frame :: resource://gre/modules/SearchService.sys.mjs :: #init :: line 1710"  data: no]
  Stack:
    #init@resource://gre/modules/SearchService.sys.mjs:1710:27

console.error: "Search service failed to init"
JavaScript error: , line 0: uncaught exception: undefined
JavaScript error: resource://gre/modules/SearchService.sys.mjs, line 1710: NS_ERROR_ABORT: #init: abandoning init due to shutting down
JavaScript error: resource://gre/modules/SearchService.sys.mjs, line 1710: NS_ERROR_ABORT: #init: abandoning init due to shutting down
1774191283131	geckodriver	INFO	Listening on 127.0.0.1:30936
1774191283161	mozrunner::runner	INFO	Running command: MOZ_CRASHREPORTER="1" MOZ_CRASHREPORTER_NO_REPORT="1" MOZ_CRASHREPORTER_SHUTDOWN="1" "/usr/bin/firefox" "--marionette" "--headless" "-no-remote" "-profile" "/tmp/rust_mozprofileDlTDRq"
*** You are running in headless mode.
console.warn: services.settings: Ignoring preference override of remote settings server
console.warn: services.settings: Allow by setting MOZ_REMOTE_SETTINGS_DEVTOOLS=1 in the environment
1774191283539	Marionette	INFO	Marionette enabled
1774191283993	Marionette	INFO	Listening on port 33293
Read port: 33293
1774191284120	RemoteAgent	WARN	TLS certificate errors will be ignored for this session
console.error: (new TypeError("can't access property \"find\", this._searchProviderInfo is null", "moz-src:///browser/components/search/SearchSERPTelemetry.sys.mjs", 1141))
1774191287416	Marionette	INFO	Stopped listening on port 33293
console.error: "Error in processing browser-idle-startup for QuickSuggest.init"
console.error: (void 0)
console.error: (void 0)
JavaScript error: , line 0: uncaught exception: undefined
console.error: Translations: "Failed to run language detection." (new AbortError("Actor 'Translations' destroyed before query 'Translations:GetDocumentElementLang' was resolved", (void 0)))
console.log: WebExtensions: Data Leak Blocker initialization cancelled on detected extension or app shutdown
console.error: services.settings: 
  Remote Settings startup changesets bundle could not be extracted ([Exception... "<no message>"  nsresult: "0x8046001e (<unknown>)"  location: "JS frame :: resource://gre/modules/ServiceRequest.sys.mjs :: open :: line 126"  data: no])
console.error: services.settings: 
Object
  - prototype Object
    - columnNumber = 11
    - data = null
    - filename = resource://gre/modules/ServiceRequest.sys.mjs
    - lineNumber = 126
    - location = {"name":"open","filename":"resource://gre/modules/ServiceRequest.sys.mjs","sourceId":25,"lineNumber":126,"columnNumber":11,"asyncCause":null,"asyncCaller":null,"caller":{"filename":"resource://services-settings/Utils.sys.mjs","name":"fetch/<","sourceId":24,"lineNumber":273,"columnNumber":15,"asyncCause":null,"asyncCaller":null,"caller":{"filename":"resource://services-settings/Utils.sys.mjs","name":"fetch","sourceId":24,"lineNumber":224,"columnNumber":12,"asyncCause":null,"asyncCaller":null,"caller":{"filename":"resource://services-settings/Utils.sys.mjs","name":"fetchLatestChanges","sourceId":24,"lineNumber":435,"columnNumber":34,"asyncCause":null,"asyncCaller":null,"caller":{"filename":"resource://services-settings/RemoteSettingsClient.sys.mjs","name":"sync","sourceId":22,"lineNumber":658,"columnNumber":42,"asyncCause":null,"asyncCaller":null,"caller":{"filename":"resource://services-settings/RemoteSettingsClient.sys.mjs","name":"get/this._importingPromise<","sourceId":22,"lineNumber":496,"columnNumber":28,"asyncCause":null,"asyncCaller":null,"caller":{"filename":"resource://gre/modules/AsyncShutdown.sys.mjs","name":"observe","sourceId":15,"lineNumber":570,"columnNumber":17,"asyncCause":null,"asyncCaller":null,"caller":null,"formattedStack":"observe@resource://gre/modules/AsyncShutdown.sys.mjs:570:17\n","nativeSavedFrame":{}},"formattedStack":"get/this._importingPromise<@resource://services-settings/RemoteSettingsClient.sys.mjs:496:28\nobserve@resource://gre/modules/AsyncShutdown.sys.mjs:570:17\n","nativeSavedFrame":{}},"formattedStack":"sync@resource://services-settings/RemoteSettingsClient.sys.mjs:658:42\nget/this._importingPromise<@resource://services-settings/RemoteSettingsClient.sys.mjs:496:28\nobserve@resource://gre/modules/AsyncShutdown.sys.mjs:570:17\n","nativeSavedFrame":{}},"formattedStack":"fetchLatestChanges@resource://services-settings/Utils.sys.mjs:435:34\nsync@resource://services-settings/RemoteSettingsClient.sys.mjs:658:42\nget/this._importingPromise<@resource://services-settings/RemoteSettingsClient.sys.mjs:496:28\nobserve@resource://gre/modules/AsyncShutdown.sys.mjs:570:17\n","nativeSavedFrame":{}},"formattedStack":"fetch@resource://services-settings/Utils.sys.mjs:224:12\nfetchLatestChanges@resource://services-settings/Utils.sys.mjs:435:34\nsync@resource://services-settings/RemoteSettingsClient.sys.mjs:658:42\nget/this._importingPromise<@resource://services-settings/RemoteSettingsClient.sys.mjs:496:28\nobserve@resource://gre/modules/AsyncShutdown.sys.mjs:570:17\n","nativeSavedFrame":{}},"formattedStack":"fetch/<@resource://services-settings/Utils.sys.mjs:273:15\nfetch@resource://services-settings/Utils.sys.mjs:224:12\nfetchLatestChanges@resource://services-settings/Utils.sys.mjs:435:34\nsync@resource://services-settings/RemoteSettingsClient.sys.mjs:658:42\nget/this._importingPromise<@resource://services-settings/RemoteSettingsClient.sys.mjs:496:28\nobserve@resource://gre/modules/AsyncShutdown.sys.mjs:570:17\n","nativeSavedFrame":{}},"formattedStack":"open@resource://gre/modules/ServiceRequest.sys.mjs:126:11\nfetch/<@resource://services-settings/Utils.sys.mjs:273:15\nfetch@resource://services-settings/Utils.sys.mjs:224:12\nfetchLatestChanges@resource://services-settings/Utils.sys.mjs:435:34\nsync@resource://services-settings/RemoteSettingsClient.sys.mjs:658:42\nget/this._importingPromise<@resource://services-settings/RemoteSettingsClient.sys.mjs:496:28\nobserve@resource://gre/modules/AsyncShutdown.sys.mjs:570:17\n","nativeSavedFrame":{}}
    - message = 
    - name = 
    - result = 2152071198
    - stack = open@resource://gre/modules/ServiceRequest.sys.mjs:126:11|fetch/<@resource://services-settings/Utils.sys.mjs:273:15|fetch@resource://services-settings/Utils.sys.mjs:224:12|fetchLatestChanges@resource://services-settings/Utils.sys.mjs:435:34|sync@resource://services-settings/RemoteSettingsClient.sys.mjs:658:42|get/this._importingPromise<@resource://services-settings/RemoteSettingsClient.sys.mjs:496:28|observe@resource://gre/modules/AsyncShutdown.sys.mjs:570:17|
  - prototype Object
console.error: services.settings: 
Object
  - prototype Object
    - columnNumber = 11
    - data = null
    - filename = resource://gre/modules/ServiceRequest.sys.mjs
    - lineNumber = 126
    - location = {"name":"open","filename":"resource://gre/modules/ServiceRequest.sys.mjs","sourceId":25,"lineNumber":126,"columnNumber":11,"asyncCause":null,"asyncCaller":null,"caller":{"filename":"resource://services-settings/Utils.sys.mjs","name":"fetch/<","sourceId":24,"lineNumber":273,"columnNumber":15,"asyncCause":null,"asyncCaller":null,"caller":{"filename":"resource://services-settings/Utils.sys.mjs","name":"fetch","sourceId":24,"lineNumber":224,"columnNumber":12,"asyncCause":null,"asyncCaller":null,"caller":{"filename":"resource://services-settings/Utils.sys.mjs","name":"fetchLatestChanges","sourceId":24,"lineNumber":435,"columnNumber":34,"asyncCause":null,"asyncCaller":null,"caller":{"filename":"resource://services-settings/RemoteSettingsClient.sys.mjs","name":"sync","sourceId":22,"lineNumber":658,"columnNumber":42,"asyncCause":null,"asyncCaller":null,"caller":{"filename":"resource://services-settings/RemoteSettingsClient.sys.mjs","name":"get/this._importingPromise<","sourceId":22,"lineNumber":496,"columnNumber":28,"asyncCause":null,"asyncCaller":null,"caller":{"filename":"resource://gre/modules/AsyncShutdown.sys.mjs","name":"observe","sourceId":15,"lineNumber":570,"columnNumber":17,"asyncCause":null,"asyncCaller":null,"caller":null,"formattedStack":"observe@resource://gre/modules/AsyncShutdown.sys.mjs:570:17\n","nativeSavedFrame":{}},"formattedStack":"get/this._importingPromise<@resource://services-settings/RemoteSettingsClient.sys.mjs:496:28\nobserve@resource://gre/modules/AsyncShutdown.sys.mjs:570:17\n","nativeSavedFrame":{}},"formattedStack":"sync@resource://services-settings/RemoteSettingsClient.sys.mjs:658:42\nget/this._importingPromise<@resource://services-settings/RemoteSettingsClient.sys.mjs:496:28\nobserve@resource://gre/modules/AsyncShutdown.sys.mjs:570:17\n","nativeSavedFrame":{}},"formattedStack":"fetchLatestChanges@resource://services-settings/Utils.sys.mjs:435:34\nsync@resource://services-settings/RemoteSettingsClient.sys.mjs:658:42\nget/this._importingPromise<@resource://services-settings/RemoteSettingsClient.sys.mjs:496:28\nobserve@resource://gre/modules/AsyncShutdown.sys.mjs:570:17\n","nativeSavedFrame":{}},"formattedStack":"fetch@resource://services-settings/Utils.sys.mjs:224:12\nfetchLatestChanges@resource://services-settings/Utils.sys.mjs:435:34\nsync@resource://services-settings/RemoteSettingsClient.sys.mjs:658:42\nget/this._importingPromise<@resource://services-settings/RemoteSettingsClient.sys.mjs:496:28\nobserve@resource://gre/modules/AsyncShutdown.sys.mjs:570:17\n","nativeSavedFrame":{}},"formattedStack":"fetch/<@resource://services-settings/Utils.sys.mjs:273:15\nfetch@resource://services-settings/Utils.sys.mjs:224:12\nfetchLatestChanges@resource://services-settings/Utils.sys.mjs:435:34\nsync@resource://services-settings/RemoteSettingsClient.sys.mjs:658:42\nget/this._importingPromise<@resource://services-settings/RemoteSettingsClient.sys.mjs:496:28\nobserve@resource://gre/modules/AsyncShutdown.sys.mjs:570:17\n","nativeSavedFrame":{}},"formattedStack":"open@resource://gre/modules/ServiceRequest.sys.mjs:126:11\nfetch/<@resource://services-settings/Utils.sys.mjs:273:15\nfetch@resource://services-settings/Utils.sys.mjs:224:12\nfetchLatestChanges@resource://services-settings/Utils.sys.mjs:435:34\nsync@resource://services-settings/RemoteSettingsClient.sys.mjs:658:42\nget/this._importingPromise<@resource://services-settings/RemoteSettingsClient.sys.mjs:496:28\nobserve@resource://gre/modules/AsyncShutdown.sys.mjs:570:17\n","nativeSavedFrame":{}}
    - message = 
    - name = 
    - result = 2152071198
    - stack = open@resource://gre/modules/ServiceRequest.sys.mjs:126:11|fetch/<@resource://services-settings/Utils.sys.mjs:273:15|fetch@resource://services-settings/Utils.sys.mjs:224:12|fetchLatestChanges@resource://services-settings/Utils.sys.mjs:435:34|sync@resource://services-settings/RemoteSettingsClient.sys.mjs:658:42|get/this._importingPromise<@resource://services-settings/RemoteSettingsClient.sys.mjs:496:28|observe@resource://gre/modules/AsyncShutdown.sys.mjs:570:17|
  - prototype Object
console.error: services.settings: 
Object
  - prototype Object
    - columnNumber = 11
    - data = null
    - filename = resource://gre/modules/ServiceRequest.sys.mjs
    - lineNumber = 126
    - location = {"name":"open","filename":"resource://gre/modules/ServiceRequest.sys.mjs","sourceId":25,"lineNumber":126,"columnNumber":11,"asyncCause":null,"asyncCaller":null,"caller":{"filename":"resource://services-settings/Utils.sys.mjs","name":"fetch/<","sourceId":24,"lineNumber":273,"columnNumber":15,"asyncCause":null,"asyncCaller":null,"caller":{"filename":"resource://services-settings/Utils.sys.mjs","name":"fetch","sourceId":24,"lineNumber":224,"columnNumber":12,"asyncCause":null,"asyncCaller":null,"caller":{"filename":"resource://services-settings/Utils.sys.mjs","name":"fetchLatestChanges","sourceId":24,"lineNumber":435,"columnNumber":34,"asyncCause":null,"asyncCaller":null,"caller":{"filename":"resource://services-settings/RemoteSettingsClient.sys.mjs","name":"sync","sourceId":22,"lineNumber":658,"columnNumber":42,"asyncCause":null,"asyncCaller":null,"caller":{"filename":"resource://services-settings/RemoteSettingsClient.sys.mjs","name":"get/this._importingPromise<","sourceId":22,"lineNumber":496,"columnNumber":28,"asyncCause":null,"asyncCaller":null,"caller":{"filename":"resource://gre/modules/AsyncShutdown.sys.mjs","name":"observe","sourceId":15,"lineNumber":570,"columnNumber":17,"asyncCause":null,"asyncCaller":null,"caller":null,"formattedStack":"observe@resource://gre/modules/AsyncShutdown.sys.mjs:570:17\n","nativeSavedFrame":{}},"formattedStack":"get/this._importingPromise<@resource://services-settings/RemoteSettingsClient.sys.mjs:496:28\nobserve@resource://gre/modules/AsyncShutdown.sys.mjs:570:17\n","nativeSavedFrame":{}},"formattedStack":"sync@resource://services-settings/RemoteSettingsClient.sys.mjs:658:42\nget/this._importingPromise<@resource://services-settings/RemoteSettingsClient.sys.mjs:496:28\nobserve@resource://gre/modules/AsyncShutdown.sys.mjs:570:17\n","nativeSavedFrame":{}},"formattedStack":"fetchLatestChanges@resource://services-settings/Utils.sys.mjs:435:34\nsync@resource://services-settings/RemoteSettingsClient.sys.mjs:658:42\nget/this._importingPromise<@resource://services-settings/RemoteSettingsClient.sys.mjs:496:28\nobserve@resource://gre/modules/AsyncShutdown.sys.mjs:570:17\n","nativeSavedFrame":{}},"formattedStack":"fetch@resource://services-settings/Utils.sys.mjs:224:12\nfetchLatestChanges@resource://services-settings/Utils.sys.mjs:435:34\nsync@resource://services-settings/RemoteSettingsClient.sys.mjs:658:42\nget/this._importingPromise<@resource://services-settings/RemoteSettingsClient.sys.mjs:496:28\nobserve@resource://gre/modules/AsyncShutdown.sys.mjs:570:17\n","nativeSavedFrame":{}},"formattedStack":"fetch/<@resource://services-settings/Utils.sys.mjs:273:15\nfetch@resource://services-settings/Utils.sys.mjs:224:12\nfetchLatestChanges@resource://services-settings/Utils.sys.mjs:435:34\nsync@resource://services-settings/RemoteSettingsClient.sys.mjs:658:42\nget/this._importingPromise<@resource://services-settings/RemoteSettingsClient.sys.mjs:496:28\nobserve@resource://gre/modules/AsyncShutdown.sys.mjs:570:17\n","nativeSavedFrame":{}},"formattedStack":"open@resource://gre/modules/ServiceRequest.sys.mjs:126:11\nfetch/<@resource://services-settings/Utils.sys.mjs:273:15\nfetch@resource://services-settings/Utils.sys.mjs:224:12\nfetchLatestChanges@resource://services-settings/Utils.sys.mjs:435:34\nsync@resource://services-settings/RemoteSettingsClient.sys.mjs:658:42\nget/this._importingPromise<@resource://services-settings/RemoteSettingsClient.sys.mjs:496:28\nobserve@resource://gre/modules/AsyncShutdown.sys.mjs:570:17\n","nativeSavedFrame":{}}
    - message = 
    - name = 
    - result = 2152071198
    - stack = open@resource://gre/modules/ServiceRequest.sys.mjs:126:11|fetch/<@resource://services-settings/Utils.sys.mjs:273:15|fetch@resource://services-settings/Utils.sys.mjs:224:12|fetchLatestChanges@resource://services-settings/Utils.sys.mjs:435:34|sync@resource://services-settings/RemoteSettingsClient.sys.mjs:658:42|get/this._importingPromise<@resource://services-settings/RemoteSettingsClient.sys.mjs:496:28|observe@resource://gre/modules/AsyncShutdown.sys.mjs:570:17|
  - prototype Object
console.error: services.settings: 
Object
  - prototype Object
    - columnNumber = 11
    - data = null
    - filename = resource://gre/modules/ServiceRequest.sys.mjs
    - lineNumber = 126
    - location = {"name":"open","filename":"resource://gre/modules/ServiceRequest.sys.mjs","sourceId":25,"lineNumber":126,"columnNumber":11,"asyncCause":null,"asyncCaller":null,"caller":{"filename":"resource://services-settings/Utils.sys.mjs","name":"fetch/<","sourceId":24,"lineNumber":273,"columnNumber":15,"asyncCause":null,"asyncCaller":null,"caller":{"filename":"resource://services-settings/Utils.sys.mjs","name":"fetch","sourceId":24,"lineNumber":224,"columnNumber":12,"asyncCause":null,"asyncCaller":null,"caller":{"filename":"resource://services-settings/Utils.sys.mjs","name":"fetchLatestChanges","sourceId":24,"lineNumber":435,"columnNumber":34,"asyncCause":null,"asyncCaller":null,"caller":{"filename":"resource://services-settings/RemoteSettingsClient.sys.mjs","name":"sync","sourceId":22,"lineNumber":658,"columnNumber":42,"asyncCause":null,"asyncCaller":null,"caller":{"filename":"resource://services-settings/RemoteSettingsClient.sys.mjs","name":"get/this._importingPromise<","sourceId":22,"lineNumber":496,"columnNumber":28,"asyncCause":null,"asyncCaller":null,"caller":{"filename":"resource://gre/modules/AsyncShutdown.sys.mjs","name":"observe","sourceId":15,"lineNumber":570,"columnNumber":17,"asyncCause":null,"asyncCaller":null,"caller":null,"formattedStack":"observe@resource://gre/modules/AsyncShutdown.sys.mjs:570:17\n","nativeSavedFrame":{}},"formattedStack":"get/this._importingPromise<@resource://services-settings/RemoteSettingsClient.sys.mjs:496:28\nobserve@resource://gre/modules/AsyncShutdown.sys.mjs:570:17\n","nativeSavedFrame":{}},"formattedStack":"sync@resource://services-settings/RemoteSettingsClient.sys.mjs:658:42\nget/this._importingPromise<@resource://services-settings/RemoteSettingsClient.sys.mjs:496:28\nobserve@resource://gre/modules/AsyncShutdown.sys.mjs:570:17\n","nativeSavedFrame":{}},"formattedStack":"fetchLatestChanges@resource://services-settings/Utils.sys.mjs:435:34\nsync@resource://services-settings/RemoteSettingsClient.sys.mjs:658:42\nget/this._importingPromise<@resource://services-settings/RemoteSettingsClient.sys.mjs:496:28\nobserve@resource://gre/modules/AsyncShutdown.sys.mjs:570:17\n","nativeSavedFrame":{}},"formattedStack":"fetch@resource://services-settings/Utils.sys.mjs:224:12\nfetchLatestChanges@resource://services-settings/Utils.sys.mjs:435:34\nsync@resource://services-settings/RemoteSettingsClient.sys.mjs:658:42\nget/this._importingPromise<@resource://services-settings/RemoteSettingsClient.sys.mjs:496:28\nobserve@resource://gre/modules/AsyncShutdown.sys.mjs:570:17\n","nativeSavedFrame":{}},"formattedStack":"fetch/<@resource://services-settings/Utils.sys.mjs:273:15\nfetch@resource://services-settings/Utils.sys.mjs:224:12\nfetchLatestChanges@resource://services-settings/Utils.sys.mjs:435:34\nsync@resource://services-settings/RemoteSettingsClient.sys.mjs:658:42\nget/this._importingPromise<@resource://services-settings/RemoteSettingsClient.sys.mjs:496:28\nobserve@resource://gre/modules/AsyncShutdown.sys.mjs:570:17\n","nativeSavedFrame":{}},"formattedStack":"open@resource://gre/modules/ServiceRequest.sys.mjs:126:11\nfetch/<@resource://services-settings/Utils.sys.mjs:273:15\nfetch@resource://services-settings/Utils.sys.mjs:224:12\nfetchLatestChanges@resource://services-settings/Utils.sys.mjs:435:34\nsync@resource://services-settings/RemoteSettingsClient.sys.mjs:658:42\nget/this._importingPromise<@resource://services-settings/RemoteSettingsClient.sys.mjs:496:28\nobserve@resource://gre/modules/AsyncShutdown.sys.mjs:570:17\n","nativeSavedFrame":{}}
    - message = 
    - name = 
    - result = 2152071198
    - stack = open@resource://gre/modules/ServiceRequest.sys.mjs:126:11|fetch/<@resource://services-settings/Utils.sys.mjs:273:15|fetch@resource://services-settings/Utils.sys.mjs:224:12|fetchLatestChanges@resource://services-settings/Utils.sys.mjs:435:34|sync@resource://services-settings/RemoteSettingsClient.sys.mjs:658:42|get/this._importingPromise<@resource://services-settings/RemoteSettingsClient.sys.mjs:496:28|observe@resource://gre/modules/AsyncShutdown.sys.mjs:570:17|
  - prototype Object
console.error: services.settings: 
Object
  - prototype Object
    - columnNumber = 11
    - data = null
    - filename = resource://gre/modules/ServiceRequest.sys.mjs
    - lineNumber = 126
    - location = {"name":"open","filename":"resource://gre/modules/ServiceRequest.sys.mjs","sourceId":25,"lineNumber":126,"columnNumber":11,"asyncCause":null,"asyncCaller":null,"caller":{"filename":"resource://services-settings/Utils.sys.mjs","name":"fetch/<","sourceId":24,"lineNumber":273,"columnNumber":15,"asyncCause":null,"asyncCaller":null,"caller":{"filename":"resource://services-settings/Utils.sys.mjs","name":"fetch","sourceId":24,"lineNumber":224,"columnNumber":12,"asyncCause":null,"asyncCaller":null,"caller":{"filename":"resource://services-settings/Utils.sys.mjs","name":"fetchLatestChanges","sourceId":24,"lineNumber":435,"columnNumber":34,"asyncCause":null,"asyncCaller":null,"caller":{"filename":"resource://services-settings/RemoteSettingsClient.sys.mjs","name":"sync","sourceId":22,"lineNumber":658,"columnNumber":42,"asyncCause":null,"asyncCaller":null,"caller":{"filename":"resource://services-settings/RemoteSettingsClient.sys.mjs","name":"get/this._importingPromise<","sourceId":22,"lineNumber":496,"columnNumber":28,"asyncCause":null,"asyncCaller":null,"caller":{"filename":"resource://gre/modules/AsyncShutdown.sys.mjs","name":"observe","sourceId":15,"lineNumber":570,"columnNumber":17,"asyncCause":null,"asyncCaller":null,"caller":null,"formattedStack":"observe@resource://gre/modules/AsyncShutdown.sys.mjs:570:17\n","nativeSavedFrame":{}},"formattedStack":"get/this._importingPromise<@resource://services-settings/RemoteSettingsClient.sys.mjs:496:28\nobserve@resource://gre/modules/AsyncShutdown.sys.mjs:570:17\n","nativeSavedFrame":{}},"formattedStack":"sync@resource://services-settings/RemoteSettingsClient.sys.mjs:658:42\nget/this._importingPromise<@resource://services-settings/RemoteSettingsClient.sys.mjs:496:28\nobserve@resource://gre/modules/AsyncShutdown.sys.mjs:570:17\n","nativeSavedFrame":{}},"formattedStack":"fetchLatestChanges@resource://services-settings/Utils.sys.mjs:435:34\nsync@resource://services-settings/RemoteSettingsClient.sys.mjs:658:42\nget/this._importingPromise<@resource://services-settings/RemoteSettingsClient.sys.mjs:496:28\nobserve@resource://gre/modules/AsyncShutdown.sys.mjs:570:17\n","nativeSavedFrame":{}},"formattedStack":"fetch@resource://services-settings/Utils.sys.mjs:224:12\nfetchLatestChanges@resource://services-settings/Utils.sys.mjs:435:34\nsync@resource://services-settings/RemoteSettingsClient.sys.mjs:658:42\nget/this._importingPromise<@resource://services-settings/RemoteSettingsClient.sys.mjs:496:28\nobserve@resource://gre/modules/AsyncShutdown.sys.mjs:570:17\n","nativeSavedFrame":{}},"formattedStack":"fetch/<@resource://services-settings/Utils.sys.mjs:273:15\nfetch@resource://services-settings/Utils.sys.mjs:224:12\nfetchLatestChanges@resource://services-settings/Utils.sys.mjs:435:34\nsync@resource://services-settings/RemoteSettingsClient.sys.mjs:658:42\nget/this._importingPromise<@resource://services-settings/RemoteSettingsClient.sys.mjs:496:28\nobserve@resource://gre/modules/AsyncShutdown.sys.mjs:570:17\n","nativeSavedFrame":{}},"formattedStack":"open@resource://gre/modules/ServiceRequest.sys.mjs:126:11\nfetch/<@resource://services-settings/Utils.sys.mjs:273:15\nfetch@resource://services-settings/Utils.sys.mjs:224:12\nfetchLatestChanges@resource://services-settings/Utils.sys.mjs:435:34\nsync@resource://services-settings/RemoteSettingsClient.sys.mjs:658:42\nget/this._importingPromise<@resource://services-settings/RemoteSettingsClient.sys.mjs:496:28\nobserve@resource://gre/modules/AsyncShutdown.sys.mjs:570:17\n","nativeSavedFrame":{}}
    - message = 
    - name = 
    - result = 2152071198
    - stack = open@resource://gre/modules/ServiceRequest.sys.mjs:126:11|fetch/<@resource://services-settings/Utils.sys.mjs:273:15|fetch@resource://services-settings/Utils.sys.mjs:224:12|fetchLatestChanges@resource://services-settings/Utils.sys.mjs:435:34|sync@resource://services-settings/RemoteSettingsClient.sys.mjs:658:42|get/this._importingPromise<@resource://services-settings/RemoteSettingsClient.sys.mjs:496:28|observe@resource://gre/modules/AsyncShutdown.sys.mjs:570:17|
  - prototype Object
console.error: services.settings: 
Object
  - prototype Object
    - columnNumber = 11
    - data = null
    - filename = resource://gre/modules/ServiceRequest.sys.mjs
    - lineNumber = 126
    - location = {"name":"open","filename":"resource://gre/modules/ServiceRequest.sys.mjs","sourceId":25,"lineNumber":126,"columnNumber":11,"asyncCause":null,"asyncCaller":null,"caller":{"filename":"resource://services-settings/Utils.sys.mjs","name":"fetch/<","sourceId":24,"lineNumber":273,"columnNumber":15,"asyncCause":null,"asyncCaller":null,"caller":{"filename":"resource://services-settings/Utils.sys.mjs","name":"fetch","sourceId":24,"lineNumber":224,"columnNumber":12,"asyncCause":null,"asyncCaller":null,"caller":{"filename":"resource://services-settings/Utils.sys.mjs","name":"fetchLatestChanges","sourceId":24,"lineNumber":435,"columnNumber":34,"asyncCause":null,"asyncCaller":null,"caller":{"filename":"resource://services-settings/RemoteSettingsClient.sys.mjs","name":"sync","sourceId":22,"lineNumber":658,"columnNumber":42,"asyncCause":null,"asyncCaller":null,"caller":{"filename":"resource://services-settings/RemoteSettingsClient.sys.mjs","name":"get/this._importingPromise<","sourceId":22,"lineNumber":496,"columnNumber":28,"asyncCause":null,"asyncCaller":null,"caller":{"filename":"resource://gre/modules/AsyncShutdown.sys.mjs","name":"observe","sourceId":15,"lineNumber":570,"columnNumber":17,"asyncCause":null,"asyncCaller":null,"caller":null,"formattedStack":"observe@resource://gre/modules/AsyncShutdown.sys.mjs:570:17\n","nativeSavedFrame":{}},"formattedStack":"get/this._importingPromise<@resource://services-settings/RemoteSettingsClient.sys.mjs:496:28\nobserve@resource://gre/modules/AsyncShutdown.sys.mjs:570:17\n","nativeSavedFrame":{}},"formattedStack":"sync@resource://services-settings/RemoteSettingsClient.sys.mjs:658:42\nget/this._importingPromise<@resource://services-settings/RemoteSettingsClient.sys.mjs:496:28\nobserve@resource://gre/modules/AsyncShutdown.sys.mjs:570:17\n","nativeSavedFrame":{}},"formattedStack":"fetchLatestChanges@resource://services-settings/Utils.sys.mjs:435:34\nsync@resource://services-settings/RemoteSettingsClient.sys.mjs:658:42\nget/this._importingPromise<@resource://services-settings/RemoteSettingsClient.sys.mjs:496:28\nobserve@resource://gre/modules/AsyncShutdown.sys.mjs:570:17\n","nativeSavedFrame":{}},"formattedStack":"fetch@resource://services-settings/Utils.sys.mjs:224:12\nfetchLatestChanges@resource://services-settings/Utils.sys.mjs:435:34\nsync@resource://services-settings/RemoteSettingsClient.sys.mjs:658:42\nget/this._importingPromise<@resource://services-settings/RemoteSettingsClient.sys.mjs:496:28\nobserve@resource://gre/modules/AsyncShutdown.sys.mjs:570:17\n","nativeSavedFrame":{}},"formattedStack":"fetch/<@resource://services-settings/Utils.sys.mjs:273:15\nfetch@resource://services-settings/Utils.sys.mjs:224:12\nfetchLatestChanges@resource://services-settings/Utils.sys.mjs:435:34\nsync@resource://services-settings/RemoteSettingsClient.sys.mjs:658:42\nget/this._importingPromise<@resource://services-settings/RemoteSettingsClient.sys.mjs:496:28\nobserve@resource://gre/modules/AsyncShutdown.sys.mjs:570:17\n","nativeSavedFrame":{}},"formattedStack":"open@resource://gre/modules/ServiceRequest.sys.mjs:126:11\nfetch/<@resource://services-settings/Utils.sys.mjs:273:15\nfetch@resource://services-settings/Utils.sys.mjs:224:12\nfetchLatestChanges@resource://services-settings/Utils.sys.mjs:435:34\nsync@resource://services-settings/RemoteSettingsClient.sys.mjs:658:42\nget/this._importingPromise<@resource://services-settings/RemoteSettingsClient.sys.mjs:496:28\nobserve@resource://gre/modules/AsyncShutdown.sys.mjs:570:17\n","nativeSavedFrame":{}}
    - message = 
    - name = 
    - result = 2152071198
    - stack = open@resource://gre/modules/ServiceRequest.sys.mjs:126:11|fetch/<@resource://services-settings/Utils.sys.mjs:273:15|fetch@resource://services-settings/Utils.sys.mjs:224:12|fetchLatestChanges@resource://services-settings/Utils.sys.mjs:435:34|sync@resource://services-settings/RemoteSettingsClient.sys.mjs:658:42|get/this._importingPromise<@resource://services-settings/RemoteSettingsClient.sys.mjs:496:28|observe@resource://gre/modules/AsyncShutdown.sys.mjs:570:17|
  - prototype Object
console.error: services.settings: 
Object
  - prototype Object
    - columnNumber = 11
    - data = null
    - filename = resource://gre/modules/ServiceRequest.sys.mjs
    - lineNumber = 126
    - location = {"name":"open","filename":"resource://gre/modules/ServiceRequest.sys.mjs","sourceId":25,"lineNumber":126,"columnNumber":11,"asyncCause":null,"asyncCaller":null,"caller":{"filename":"resource://services-settings/Utils.sys.mjs","name":"fetch/<","sourceId":24,"lineNumber":273,"columnNumber":15,"asyncCause":null,"asyncCaller":null,"caller":{"filename":"resource://services-settings/Utils.sys.mjs","name":"fetch","sourceId":24,"lineNumber":224,"columnNumber":12,"asyncCause":null,"asyncCaller":null,"caller":{"filename":"resource://services-settings/Utils.sys.mjs","name":"fetchLatestChanges","sourceId":24,"lineNumber":435,"columnNumber":34,"asyncCause":null,"asyncCaller":null,"caller":{"filename":"resource://services-settings/RemoteSettingsClient.sys.mjs","name":"sync","sourceId":22,"lineNumber":658,"columnNumber":42,"asyncCause":null,"asyncCaller":null,"caller":{"filename":"resource://services-settings/RemoteSettingsClient.sys.mjs","name":"get/this._importingPromise<","sourceId":22,"lineNumber":496,"columnNumber":28,"asyncCause":null,"asyncCaller":null,"caller":{"filename":"resource://gre/modules/AsyncShutdown.sys.mjs","name":"observe","sourceId":15,"lineNumber":570,"columnNumber":17,"asyncCause":null,"asyncCaller":null,"caller":null,"formattedStack":"observe@resource://gre/modules/AsyncShutdown.sys.mjs:570:17\n","nativeSavedFrame":{}},"formattedStack":"get/this._importingPromise<@resource://services-settings/RemoteSettingsClient.sys.mjs:496:28\nobserve@resource://gre/modules/AsyncShutdown.sys.mjs:570:17\n","nativeSavedFrame":{}},"formattedStack":"sync@resource://services-settings/RemoteSettingsClient.sys.mjs:658:42\nget/this._importingPromise<@resource://services-settings/RemoteSettingsClient.sys.mjs:496:28\nobserve@resource://gre/modules/AsyncShutdown.sys.mjs:570:17\n","nativeSavedFrame":{}},"formattedStack":"fetchLatestChanges@resource://services-settings/Utils.sys.mjs:435:34\nsync@resource://services-settings/RemoteSettingsClient.sys.mjs:658:42\nget/this._importingPromise<@resource://services-settings/RemoteSettingsClient.sys.mjs:496:28\nobserve@resource://gre/modules/AsyncShutdown.sys.mjs:570:17\n","nativeSavedFrame":{}},"formattedStack":"fetch@resource://services-settings/Utils.sys.mjs:224:12\nfetchLatestChanges@resource://services-settings/Utils.sys.mjs:435:34\nsync@resource://services-settings/RemoteSettingsClient.sys.mjs:658:42\nget/this._importingPromise<@resource://services-settings/RemoteSettingsClient.sys.mjs:496:28\nobserve@resource://gre/modules/AsyncShutdown.sys.mjs:570:17\n","nativeSavedFrame":{}},"formattedStack":"fetch/<@resource://services-settings/Utils.sys.mjs:273:15\nfetch@resource://services-settings/Utils.sys.mjs:224:12\nfetchLatestChanges@resource://services-settings/Utils.sys.mjs:435:34\nsync@resource://services-settings/RemoteSettingsClient.sys.mjs:658:42\nget/this._importingPromise<@resource://services-settings/RemoteSettingsClient.sys.mjs:496:28\nobserve@resource://gre/modules/AsyncShutdown.sys.mjs:570:17\n","nativeSavedFrame":{}},"formattedStack":"open@resource://gre/modules/ServiceRequest.sys.mjs:126:11\nfetch/<@resource://services-settings/Utils.sys.mjs:273:15\nfetch@resource://services-settings/Utils.sys.mjs:224:12\nfetchLatestChanges@resource://services-settings/Utils.sys.mjs:435:34\nsync@resource://services-settings/RemoteSettingsClient.sys.mjs:658:42\nget/this._importingPromise<@resource://services-settings/RemoteSettingsClient.sys.mjs:496:28\nobserve@resource://gre/modules/AsyncShutdown.sys.mjs:570:17\n","nativeSavedFrame":{}}
    - message = 
    - name = 
    - result = 2152071198
    - stack = open@resource://gre/modules/ServiceRequest.sys.mjs:126:11|fetch/<@resource://services-settings/Utils.sys.mjs:273:15|fetch@resource://services-settings/Utils.sys.mjs:224:12|fetchLatestChanges@resource://services-settings/Utils.sys.mjs:435:34|sync@resource://services-settings/RemoteSettingsClient.sys.mjs:658:42|get/this._importingPromise<@resource://services-settings/RemoteSettingsClient.sys.mjs:496:28|observe@resource://gre/modules/AsyncShutdown.sys.mjs:570:17|
  - prototype Object
console.error: (new Error("Connection is not open.", "resource://gre/modules/Sqlite.sys.mjs", 1128))
console.log: "RemoteSettingsWorker error: Error: Can't import when we've started shutting down."
console.log: "RemoteSettingsWorker error: Error: Can't import when we've started shutting down."
console.log: "RemoteSettingsWorker error: Error: Can't import when we've started shutting down."
console.log: "RemoteSettingsWorker error: Error: Can't import when we've started shutting down."
console.log: "RemoteSettingsWorker error: Error: Can't import when we've started shutting down."
console.log: "RemoteSettingsWorker error: Error: Can't import when we've started shutting down."
console.log: "RemoteSettingsWorker error: Error: Can't import when we've started shutting down."
console.log: "RemoteSettingsWorker error: Error: Can't import when we've started shutting down."
console.log: "RemoteSettingsWorker error: Error: Can't import when we've started shutting down."
console.error: services.settings: 
  Message: RemoteSettingsWorkerError: Error: Can't import when we've started shutting down.
  Stack:
    RemoteSettingsWorkerError@resource://services-settings/RemoteSettingsWorker.sys.mjs:34:5
_onWorkerMessage@resource://services-settings/RemoteSettingsWorker.sys.mjs:102:14
observe@resource://gre/modules/AsyncShutdown.sys.mjs:570:17

console.error: services.settings: 
  Message: RemoteSettingsWorkerError: Error: Can't import when we've started shutting down.
  Stack:
    RemoteSettingsWorkerError@resource://services-settings/RemoteSettingsWorker.sys.mjs:34:5
_onWorkerMessage@resource://services-settings/RemoteSettingsWorker.sys.mjs:102:14
observe@resource://gre/modules/AsyncShutdown.sys.mjs:570:17

console.error: services.settings: 
  Message: RemoteSettingsWorkerError: Error: Can't import when we've started shutting down.
  Stack:
    RemoteSettingsWorkerError@resource://services-settings/RemoteSettingsWorker.sys.mjs:34:5
_onWorkerMessage@resource://services-settings/RemoteSettingsWorker.sys.mjs:102:14
observe@resource://gre/modules/AsyncShutdown.sys.mjs:570:17

console.error: services.settings: 
  Message: RemoteSettingsWorkerError: Error: Can't import when we've started shutting down.
  Stack:
    RemoteSettingsWorkerError@resource://services-settings/RemoteSettingsWorker.sys.mjs:34:5
_onWorkerMessage@resource://services-settings/RemoteSettingsWorker.sys.mjs:102:14
observe@resource://gre/modules/AsyncShutdown.sys.mjs:570:17

console.error: services.settings: 
  Message: RemoteSettingsWorkerError: Error: Can't import when we've started shutting down.
  Stack:
    RemoteSettingsWorkerError@resource://services-settings/RemoteSettingsWorker.sys.mjs:34:5
_onWorkerMessage@resource://services-settings/RemoteSettingsWorker.sys.mjs:102:14
observe@resource://gre/modules/AsyncShutdown.sys.mjs:570:17

console.error: services.settings: 
  Message: RemoteSettingsWorkerError: Error: Can't import when we've started shutting down.
  Stack:
    RemoteSettingsWorkerError@resource://services-settings/RemoteSettingsWorker.sys.mjs:34:5
_onWorkerMessage@resource://services-settings/RemoteSettingsWorker.sys.mjs:102:14
observe@resource://gre/modules/AsyncShutdown.sys.mjs:570:17

console.error: services.settings: 
  Message: RemoteSettingsWorkerError: Error: Can't import when we've started shutting down.
  Stack:
    RemoteSettingsWorkerError@resource://services-settings/RemoteSettingsWorker.sys.mjs:34:5
_onWorkerMessage@resource://services-settings/RemoteSettingsWorker.sys.mjs:102:14
observe@resource://gre/modules/AsyncShutdown.sys.mjs:570:17

console.error: services.settings: 
  Message: RemoteSettingsWorkerError: Error: Can't import when we've started shutting down.
  Stack:
    RemoteSettingsWorkerError@resource://services-settings/RemoteSettingsWorker.sys.mjs:34:5
_onWorkerMessage@resource://services-settings/RemoteSettingsWorker.sys.mjs:102:14
observe@resource://gre/modules/AsyncShutdown.sys.mjs:570:17

console.error: services.settings: 
  Message: RemoteSettingsWorkerError: Error: Can't import when we've started shutting down.
  Stack:
    RemoteSettingsWorkerError@resource://services-settings/RemoteSettingsWorker.sys.mjs:34:5
_onWorkerMessage@resource://services-settings/RemoteSettingsWorker.sys.mjs:102:14
observe@resource://gre/modules/AsyncShutdown.sys.mjs:570:17

console.error: WebExtensions: 
  Message: [Exception... "#init: abandoning init due to shutting down"  nsresult: "0x80004004 (NS_ERROR_ABORT)"  location: "JS frame :: resource://gre/modules/SearchService.sys.mjs :: #init :: line 1710"  data: no]
  Stack:
    #init@resource://gre/modules/SearchService.sys.mjs:1710:27

console.error: "Search service failed to init"
JavaScript error: , line 0: uncaught exception: undefined
JavaScript error: resource://gre/modules/SearchService.sys.mjs, line 1710: NS_ERROR_ABORT: #init: abandoning init due to shutting down
JavaScript error: resource://gre/modules/SearchService.sys.mjs, line 1710: NS_ERROR_ABORT: #init: abandoning init due to shutting down
console.error: "Error in processing browser-before-ui-startup for Normandy.init"
console.error: (new AbortError("A request was aborted, for example through a call to IDBTransaction.abort.", (void 0)))
JavaScript error: , line 0: AbortError: A request was aborted, for example through a call to IDBTransaction.abort.
]]></system-err>
</testsuite>
